
----------------------------------------------------------------------------
--                            Design Analysis                             --
----------------------------------------------------------------------------
Analyze pcore simple_register ...


----------------------------------------------------------------------------
--                            Design Analysis                             --
----------------------------------------------------------------------------
Analyze pcore simple_register ...


----------------------------------------------------------------------------
--                            Design Analysis                             --
----------------------------------------------------------------------------
Analyze pcore simple_register ...


----------------------------------------------------------------------------
--                            Design Analysis                             --
----------------------------------------------------------------------------
Analyze pcore simple_register ...


----------------------------------------------------------------------------
--                            Design Analysis                             --
----------------------------------------------------------------------------
Analyze pcore simple_register ...


----------------------------------------------------------------------------
--                            File Generation                             --
----------------------------------------------------------------------------
Creating HDL source directory ...
Generating top peripheral VHDL template ...
Generating stub user logic Verilog template ...
HDL templates successfully generated ...
Creating data directory ...
Generating XPS inteface files ...
WARNING:HDLParsers:3497 - Ignoring Verilog File
   "/mnt/hgfs/Drive_E/Xilinx_projects/First_custom_logic/First_custom_logic.srcs
   /sources_1/edk/system/pcores/simple_register_v1_00_a/data/../hdl/verilog/user
   _logic.v"
Compiling vhdl file
"/opt/Xilinx/14.5/ISE_DS/EDK/hw/XilinxProcessorIPLib/pcores/proc_common_v3_00_a/
hdl/vhdl/proc_common_pkg.vhd" in Library proc_common_v3_00_a.
Package <proc_common_pkg> compiled.
Package body <proc_common_pkg> compiled.
Compiling vhdl file
"/opt/Xilinx/14.5/ISE_DS/EDK/hw/XilinxProcessorIPLib/pcores/proc_common_v3_00_a/
hdl/vhdl/family_support.vhd" in Library proc_common_v3_00_a.
Package <family_support> compiled.
Package body <family_support> compiled.
Compiling vhdl file
"/opt/Xilinx/14.5/ISE_DS/EDK/hw/XilinxProcessorIPLib/pcores/proc_common_v3_00_a/
hdl/vhdl/or_muxcy.vhd" in Library proc_common_v3_00_a.
Entity <or_muxcy> compiled.
Entity <or_muxcy> (Architecture <implementation>) compiled.
Compiling vhdl file
"/opt/Xilinx/14.5/ISE_DS/EDK/hw/XilinxProcessorIPLib/pcores/proc_common_v3_00_a/
hdl/vhdl/or_gate128.vhd" in Library proc_common_v3_00_a.
Entity <or_gate128> compiled.
Entity <or_gate128> (Architecture <imp>) compiled.
Compiling vhdl file
"/opt/Xilinx/14.5/ISE_DS/EDK/hw/XilinxProcessorIPLib/pcores/proc_common_v3_00_a/
hdl/vhdl/counter_f.vhd" in Library proc_common_v3_00_a.
Entity <counter_f> compiled.
Entity <counter_f> (Architecture <imp>) compiled.
Compiling vhdl file
"/opt/Xilinx/14.5/ISE_DS/EDK/hw/XilinxProcessorIPLib/pcores/proc_common_v3_00_a/
hdl/vhdl/soft_reset.vhd" in Library proc_common_v3_00_a.
Entity <soft_reset> compiled.
Entity <soft_reset> (Architecture <implementation>) compiled.
Compiling vhdl file
"/opt/Xilinx/14.5/ISE_DS/EDK/hw/XilinxProcessorIPLib/pcores/proc_common_v3_00_a/
hdl/vhdl/pselect_f.vhd" in Library proc_common_v3_00_a.
Entity <pselect_f> compiled.
Entity <pselect_f> (Architecture <imp>) compiled.
Compiling vhdl file
"/opt/Xilinx/14.5/ISE_DS/EDK/hw/XilinxProcessorIPLib/pcores/proc_common_v3_00_a/
hdl/vhdl/ipif_pkg.vhd" in Library proc_common_v3_00_a.
Package <ipif_pkg> compiled.
Package body <ipif_pkg> compiled.
Compiling vhdl file
"/opt/Xilinx/14.5/ISE_DS/EDK/hw/XilinxProcessorIPLib/pcores/axi_lite_ipif_v1_01_
a/hdl/vhdl/address_decoder.vhd" in Library axi_lite_ipif_v1_01_a.
Entity <address_decoder> compiled.
Entity <address_decoder> (Architecture <IMP>) compiled.
Compiling vhdl file
"/opt/Xilinx/14.5/ISE_DS/EDK/hw/XilinxProcessorIPLib/pcores/axi_lite_ipif_v1_01_
a/hdl/vhdl/slave_attachment.vhd" in Library axi_lite_ipif_v1_01_a.
Entity <slave_attachment> compiled.
Entity <slave_attachment> (Architecture <imp>) compiled.
Compiling vhdl file
"/opt/Xilinx/14.5/ISE_DS/EDK/hw/XilinxProcessorIPLib/pcores/axi_lite_ipif_v1_01_
a/hdl/vhdl/axi_lite_ipif.vhd" in Library axi_lite_ipif_v1_01_a.
Entity <axi_lite_ipif> compiled.
Entity <axi_lite_ipif> (Architecture <imp>) compiled.
Compiling vhdl file
"/mnt/hgfs/Drive_E/Xilinx_projects/First_custom_logic/First_custom_logic.srcs/so
urces_1/edk/system/pcores/simple_register_v1_00_a/data/../hdl/vhdl/simple_regist
er.vhd" in Library simple_register_v1_00_a.
Entity <simple_register> compiled.
Entity <simple_register> (Architecture <IMP>) compiled.


Analyzing HDL attributes ...
Entity name = simple_register
INFO:EDK:1607 - IPTYPE set to value : PERIPHERAL
INFO:EDK:1511 - IMP_NETLIST set to value : TRUE
INFO:EDK:1486 - HDL set to value : VHDL
XPS interface files successfully generated ...
Creating development directory ...
Generating command option file ...
Generating readme file ...
Development misc files successfully generated ...
No ProjNavigator support files will be generated at this time ...
No XST synthesis support files will be generated at this time ...
No BFM simulation files will be generated at this time ...
Creating software driver data directory ...
Generating software driver XPS interface (mdd/tcl) files ...
Software driver data definition file (.mdd) successfully generated ...
Software driver data generation file (.tcl) successfully generated ...
Creating software driver src directory ...
Generating software driver template files ...
Software driver compile file (Makefile) successfully generated ...
output user slave register(s) offset to software driver header ...
output software reset offset to software driver header ...
Software driver header file (.h) successfully generated ...
Software driver source file (.c) successfully generated ...
Software driver SelfTest file (.c) successfully generated ...
Software driver template files successfully generated ...

----------------------------------------------------------------------------
--                              Final Report                              --
----------------------------------------------------------------------------
Thank you for using Create and Import Peripheral Wizard! Please find your
peripheral hardware templates under
/mnt/hgfs/Drive_E/Xilinx_projects/First_custom_logic/First_custom_logic.srcs/sou
rces_1/edk/system/pcores/simple_register_v1_00_a and peripheral software
templates under
/mnt/hgfs/Drive_E/Xilinx_projects/First_custom_logic/First_custom_logic.srcs/sou
rces_1/edk/system/drivers/simple_register_v1_00_a respectively.

Peripheral Summary:

  top name       : simple_register
  version        : 1.00.a
  type           : AXI4LITE slave
  features       : slave attachment
                   mir/rst register
                   user s/w registers

Address Block Summary:

  user logic slv : C_BASEADDR + 0x00000000
                 : C_BASEADDR + 0x000000FF
  soft reset     : C_BASEADDR + 0x00000100
                 : C_BASEADDR + 0x000001FF

File Summary

  - HDL source -
/mnt/hgfs/Drive_E/Xilinx_projects/First_custom_logic/First_custom_logic.srcs/sou
rces_1/edk/system/pcores/simple_register_v1_00_a/hdl
  top entity     : vhdl/simple_register.vhd
  user logic     : verilog/user_logic.v

  - XPS interface -
/mnt/hgfs/Drive_E/Xilinx_projects/First_custom_logic/First_custom_logic.srcs/sou
rces_1/edk/system/pcores/simple_register_v1_00_a/data
  mpd            : simple_register_v2_1_0.mpd
  pao            : simple_register_v2_1_0.pao

  - Misc file -
/mnt/hgfs/Drive_E/Xilinx_projects/First_custom_logic/First_custom_logic.srcs/sou
rces_1/edk/system/pcores/simple_register_v1_00_a/devl
  help           : README.txt
  option         : ipwiz.opt
  log            : ipwiz.log

  - Driver source -
/mnt/hgfs/Drive_E/Xilinx_projects/First_custom_logic/First_custom_logic.srcs/sou
rces_1/edk/system/drivers/simple_register_v1_00_a/src
  makefile       : Makefile
  header         : simple_register.h
  source         : simple_register.c
  selftest       : simple_register_selftest.c

  - Driver interface -
/mnt/hgfs/Drive_E/Xilinx_projects/First_custom_logic/First_custom_logic.srcs/sou
rces_1/edk/system/drivers/simple_register_v1_00_a/data
  mdd            : simple_register_v2_1_0.mdd
  tcl            : simple_register_v2_1_0.tcl


