=====================
Opened log file
=====================
Created pcores directory
=====================
Opened log file
=====================
Xilinx Platform Studio (XPS)
Xilinx EDK 14.5 Build EDK_P.58f

Xilinx EDK 14.5 Build EDK_P.58f

Copied /opt/Xilinx/14.5/ISE_DS/EDK/data/xflow/bitgen_zynq.ut to etc directory
Copied file /opt/Xilinx/14.5/ISE_DS/EDK/data/xflow/fast_runtime_zynq.opt to etc
directory

Overriding IP level properties ...

Computing clock values...

Performing IP level DRCs on properties...

Running DRC Tcl procedures for OPTION IPLEVEL_DRC_PROC...

Checking platform address map ...
Created backup of etc/bitgen.ut to etc/bitgen.ut.virtex5
Copied /opt/Xilinx/14.5/ISE_DS/EDK/data/xflow/bitgen_zynq.ut to etc directory
Created backup of etc/fast_runtime.opt to etc/fast_runtime.opt.virtex5
Copied file /opt/Xilinx/14.5/ISE_DS/EDK/data/xflow/fast_runtime_zynq.opt to etc
directory
No changes to be saved in MHS file
Saved project XMP file
Saved Make file
Xilinx Platform Studio (XPS)
Xilinx EDK 14.5 Build EDK_P.58f
Copyright (c) 1995-2012 Xilinx, Inc.  All rights reserved.

WARNING:EDK:3712 - IPNAME: axi_interconnect, INSTANCE: axi4lite_0 - Frequency of the interconnect's clock port could not be determined. All IPs in the design will be considered to be asynchronous with respect to the interconnect. This will lead to more resource usage. You can avoid this by specifying the clock frequency on the port that the interconnect's clock is connected to.
Writing filter settings....
Done writing filter settings to:
	/mnt/hgfs/Drive_E/Xilinx_projects/Chapter_5p4/Chapter_5p4.srcs/sources_1/edk/system/etc/system.filters
Done writing Tab View settings to:
	/mnt/hgfs/Drive_E/Xilinx_projects/Chapter_5p4/Chapter_5p4.srcs/sources_1/edk/system/etc/system.gui
=====================
Opened log file
=====================
=====================
Opened log file
=====================
Xilinx Platform Studio (XPS)
Xilinx EDK 14.5 Build EDK_P.58f

Xilinx EDK 14.5 Build EDK_P.58f

WARNING:EDK - IPNAME: axi_interconnect, INSTANCE: axi4lite_0 - Pre-Production
   version not verified on hardware for architecture 'zynq' -
   /mnt/hgfs/Drive_E/Xilinx_projects/Chapter_5p4/Chapter_5p4.srcs/sources_1/edk/
   system/system.mhs line 40 
WARNING:EDK - IPNAME: axi_gpio, INSTANCE: SWs_8Bits - Pre-Production version not
   verified on hardware for architecture 'zynq' -
   /mnt/hgfs/Drive_E/Xilinx_projects/Chapter_5p4/Chapter_5p4.srcs/sources_1/edk/
   system/system.mhs line 48 
WARNING:EDK - IPNAME: axi_gpio, INSTANCE: LEDs_8Bits - Pre-Production version
   not verified on hardware for architecture 'zynq' -
   /mnt/hgfs/Drive_E/Xilinx_projects/Chapter_5p4/Chapter_5p4.srcs/sources_1/edk/
   system/system.mhs line 62 
WARNING:EDK - IPNAME: axi_gpio, INSTANCE: BTNs_5Bits - Pre-Production version
   not verified on hardware for architecture 'zynq' -
   /mnt/hgfs/Drive_E/Xilinx_projects/Chapter_5p4/Chapter_5p4.srcs/sources_1/edk/
   system/system.mhs line 76 
WARNING:EDK - IPNAME: processing_system7, INSTANCE: processing_system7_0 -
   Pre-Production version not verified on hardware for architecture 'zynq' -
   /mnt/hgfs/Drive_E/Xilinx_projects/Chapter_5p4/Chapter_5p4.srcs/sources_1/edk/
   system/system.mhs line 90 
WARNING:EDK - IPNAME: axi_interconnect, INSTANCE: axi4lite_0 - Pre-Production
   version not verified on hardware for architecture 'zynq' -
   /mnt/hgfs/Drive_E/Xilinx_projects/Chapter_5p4/Chapter_5p4.srcs/sources_1/edk/
   system/system.mhs line 40 
WARNING:EDK - IPNAME: axi_gpio, INSTANCE: SWs_8Bits - Pre-Production version not
   verified on hardware for architecture 'zynq' -
   /mnt/hgfs/Drive_E/Xilinx_projects/Chapter_5p4/Chapter_5p4.srcs/sources_1/edk/
   system/system.mhs line 48 
WARNING:EDK - IPNAME: axi_gpio, INSTANCE: LEDs_8Bits - Pre-Production version
   not verified on hardware for architecture 'zynq' -
   /mnt/hgfs/Drive_E/Xilinx_projects/Chapter_5p4/Chapter_5p4.srcs/sources_1/edk/
   system/system.mhs line 62 
WARNING:EDK - IPNAME: axi_gpio, INSTANCE: BTNs_5Bits - Pre-Production version
   not verified on hardware for architecture 'zynq' -
   /mnt/hgfs/Drive_E/Xilinx_projects/Chapter_5p4/Chapter_5p4.srcs/sources_1/edk/
   system/system.mhs line 76 
WARNING:EDK - IPNAME: processing_system7, INSTANCE: processing_system7_0 -
   Pre-Production version not verified on hardware for architecture 'zynq' -
   /mnt/hgfs/Drive_E/Xilinx_projects/Chapter_5p4/Chapter_5p4.srcs/sources_1/edk/
   system/system.mhs line 90 

Overriding IP level properties ...
INFO:EDK - IPNAME: axi_interconnect, INSTANCE:axi4lite_0 - tcl is overriding
   PARAMETER C_BASEFAMILY value to zynq -
   /opt/Xilinx/14.5/ISE_DS/EDK/hw/XilinxProcessorIPLib/pcores/axi_interconnect_v
   1_06_a/data/axi_interconnect_v2_1_0.mpd line 81 
INFO:EDK - IPNAME: processing_system7, INSTANCE:processing_system7_0 - tcl is
   overriding PARAMETER C_S_AXI_HP0_HIGHADDR value to 0x1FFFFFFF -
   /opt/Xilinx/14.5/ISE_DS/EDK/hw/XilinxProcessorIPLib/pcores/processing_system7
   _v4_03_a/data/processing_system7_v2_1_0.mpd line 300 
INFO:EDK - IPNAME: processing_system7, INSTANCE:processing_system7_0 - tcl is
   overriding PARAMETER C_S_AXI_HP1_HIGHADDR value to 0x1FFFFFFF -
   /opt/Xilinx/14.5/ISE_DS/EDK/hw/XilinxProcessorIPLib/pcores/processing_system7
   _v4_03_a/data/processing_system7_v2_1_0.mpd line 304 
INFO:EDK - IPNAME: processing_system7, INSTANCE:processing_system7_0 - tcl is
   overriding PARAMETER C_S_AXI_HP2_HIGHADDR value to 0x1FFFFFFF -
   /opt/Xilinx/14.5/ISE_DS/EDK/hw/XilinxProcessorIPLib/pcores/processing_system7
   _v4_03_a/data/processing_system7_v2_1_0.mpd line 308 
INFO:EDK - IPNAME: processing_system7, INSTANCE:processing_system7_0 - tcl is
   overriding PARAMETER C_S_AXI_HP3_HIGHADDR value to 0x1FFFFFFF -
   /opt/Xilinx/14.5/ISE_DS/EDK/hw/XilinxProcessorIPLib/pcores/processing_system7
   _v4_03_a/data/processing_system7_v2_1_0.mpd line 312 
INFO:EDK - IPNAME: processing_system7, INSTANCE:processing_system7_0 - tcl is
   overriding PARAMETER C_NUM_F2P_INTR_INPUTS value to 1 -
   /opt/Xilinx/14.5/ISE_DS/EDK/hw/XilinxProcessorIPLib/pcores/processing_system7
   _v4_03_a/data/processing_system7_v2_1_0.mpd line 319 

Computing clock values...
INFO:EDK - Frequency for Top-Level Input Clock 'processing_system7_0_PS_CLK' is
   not specified. Clock DRCs will not be performed for IPs connected to that
   clock port, unless they are connected through the clock generator IP. 


Performing IP level DRCs on properties...

Running DRC Tcl procedures for OPTION IPLEVEL_DRC_PROC...
INFO:EDK - INFO: DDR Base and High address in current configuration is
   0x00000000 and 0x1FFFFFFF respectively. 
INFO:EDK - INFO: You can modify the DDR address range accessed by Programmable
   Logic through the processing_system7 AXI slave interfaces. If MicroBlaze is a
   master on processing_system7 AXI slave interfaces, please use the top half of
   the address range (Base Address = 0x10000000; High Address = 0x1FFFFFFF). For
   all other master, any subset of the DDR address can be used. See Xilinx
   Answer 47167 for more information. 
Address Map for Processor processing_system7_0
  (0x41200000-0x4120ffff) SWs_8Bits	axi4lite_0
  (0x41220000-0x4122ffff) LEDs_8Bits	axi4lite_0
  (0x41240000-0x4124ffff) BTNs_5Bits	axi4lite_0

Checking platform address map ...

Overriding IP level properties ...
INFO:EDK - IPNAME: axi_interconnect, INSTANCE:axi4lite_0 - tcl is overriding
   PARAMETER C_BASEFAMILY value to zynq -
   /opt/Xilinx/14.5/ISE_DS/EDK/hw/XilinxProcessorIPLib/pcores/axi_interconnect_v
   1_06_a/data/axi_interconnect_v2_1_0.mpd line 81 
INFO:EDK - IPNAME: processing_system7, INSTANCE:processing_system7_0 - tcl is
   overriding PARAMETER C_S_AXI_HP0_HIGHADDR value to 0x1FFFFFFF -
   /opt/Xilinx/14.5/ISE_DS/EDK/hw/XilinxProcessorIPLib/pcores/processing_system7
   _v4_03_a/data/processing_system7_v2_1_0.mpd line 300 
INFO:EDK - IPNAME: processing_system7, INSTANCE:processing_system7_0 - tcl is
   overriding PARAMETER C_S_AXI_HP1_HIGHADDR value to 0x1FFFFFFF -
   /opt/Xilinx/14.5/ISE_DS/EDK/hw/XilinxProcessorIPLib/pcores/processing_system7
   _v4_03_a/data/processing_system7_v2_1_0.mpd line 304 
INFO:EDK - IPNAME: processing_system7, INSTANCE:processing_system7_0 - tcl is
   overriding PARAMETER C_S_AXI_HP2_HIGHADDR value to 0x1FFFFFFF -
   /opt/Xilinx/14.5/ISE_DS/EDK/hw/XilinxProcessorIPLib/pcores/processing_system7
   _v4_03_a/data/processing_system7_v2_1_0.mpd line 308 
INFO:EDK - IPNAME: processing_system7, INSTANCE:processing_system7_0 - tcl is
   overriding PARAMETER C_S_AXI_HP3_HIGHADDR value to 0x1FFFFFFF -
   /opt/Xilinx/14.5/ISE_DS/EDK/hw/XilinxProcessorIPLib/pcores/processing_system7
   _v4_03_a/data/processing_system7_v2_1_0.mpd line 312 
INFO:EDK - IPNAME: processing_system7, INSTANCE:processing_system7_0 - tcl is
   overriding PARAMETER C_NUM_F2P_INTR_INPUTS value to 1 -
   /opt/Xilinx/14.5/ISE_DS/EDK/hw/XilinxProcessorIPLib/pcores/processing_system7
   _v4_03_a/data/processing_system7_v2_1_0.mpd line 319 

Computing clock values...
INFO:EDK - Frequency for Top-Level Input Clock 'processing_system7_0_PS_CLK' is
   not specified. Clock DRCs will not be performed for IPs connected to that
   clock port, unless they are connected through the clock generator IP. 


Performing IP level DRCs on properties...

Running DRC Tcl procedures for OPTION IPLEVEL_DRC_PROC...
INFO:EDK - INFO: DDR Base and High address in current configuration is
   0x00000000 and 0x1FFFFFFF respectively. 
INFO:EDK - INFO: You can modify the DDR address range accessed by Programmable
   Logic through the processing_system7 AXI slave interfaces. If MicroBlaze is a
   master on processing_system7 AXI slave interfaces, please use the top half of
   the address range (Base Address = 0x10000000; High Address = 0x1FFFFFFF). For
   all other master, any subset of the DDR address can be used. See Xilinx
   Answer 47167 for more information. 
Address Map for Processor processing_system7_0
  (0x41200000-0x4120ffff) SWs_8Bits	axi4lite_0
  (0x41220000-0x4122ffff) LEDs_8Bits	axi4lite_0
  (0x41240000-0x4124ffff) BTNs_5Bits	axi4lite_0

Checking platform address map ...

Overriding IP level properties ...
INFO:EDK - IPNAME: axi_interconnect, INSTANCE:axi4lite_0 - tcl is overriding
   PARAMETER C_BASEFAMILY value to zynq -
   /opt/Xilinx/14.5/ISE_DS/EDK/hw/XilinxProcessorIPLib/pcores/axi_interconnect_v
   1_06_a/data/axi_interconnect_v2_1_0.mpd line 81 
INFO:EDK - IPNAME: processing_system7, INSTANCE:processing_system7_0 - tcl is
   overriding PARAMETER C_S_AXI_HP0_HIGHADDR value to 0x1FFFFFFF -
   /opt/Xilinx/14.5/ISE_DS/EDK/hw/XilinxProcessorIPLib/pcores/processing_system7
   _v4_03_a/data/processing_system7_v2_1_0.mpd line 300 
INFO:EDK - IPNAME: processing_system7, INSTANCE:processing_system7_0 - tcl is
   overriding PARAMETER C_S_AXI_HP1_HIGHADDR value to 0x1FFFFFFF -
   /opt/Xilinx/14.5/ISE_DS/EDK/hw/XilinxProcessorIPLib/pcores/processing_system7
   _v4_03_a/data/processing_system7_v2_1_0.mpd line 304 
INFO:EDK - IPNAME: processing_system7, INSTANCE:processing_system7_0 - tcl is
   overriding PARAMETER C_S_AXI_HP2_HIGHADDR value to 0x1FFFFFFF -
   /opt/Xilinx/14.5/ISE_DS/EDK/hw/XilinxProcessorIPLib/pcores/processing_system7
   _v4_03_a/data/processing_system7_v2_1_0.mpd line 308 
INFO:EDK - IPNAME: processing_system7, INSTANCE:processing_system7_0 - tcl is
   overriding PARAMETER C_S_AXI_HP3_HIGHADDR value to 0x1FFFFFFF -
   /opt/Xilinx/14.5/ISE_DS/EDK/hw/XilinxProcessorIPLib/pcores/processing_system7
   _v4_03_a/data/processing_system7_v2_1_0.mpd line 312 
INFO:EDK - IPNAME: processing_system7, INSTANCE:processing_system7_0 - tcl is
   overriding PARAMETER C_NUM_F2P_INTR_INPUTS value to 1 -
   /opt/Xilinx/14.5/ISE_DS/EDK/hw/XilinxProcessorIPLib/pcores/processing_system7
   _v4_03_a/data/processing_system7_v2_1_0.mpd line 319 

Computing clock values...
INFO:EDK - Frequency for Top-Level Input Clock 'processing_system7_0_PS_CLK' is
   not specified. Clock DRCs will not be performed for IPs connected to that
   clock port, unless they are connected through the clock generator IP. 


Performing IP level DRCs on properties...

Running DRC Tcl procedures for OPTION IPLEVEL_DRC_PROC...
INFO:EDK - INFO: DDR Base and High address in current configuration is
   0x00000000 and 0x1FFFFFFF respectively. 
INFO:EDK - INFO: You can modify the DDR address range accessed by Programmable
   Logic through the processing_system7 AXI slave interfaces. If MicroBlaze is a
   master on processing_system7 AXI slave interfaces, please use the top half of
   the address range (Base Address = 0x10000000; High Address = 0x1FFFFFFF). For
   all other master, any subset of the DDR address can be used. See Xilinx
   Answer 47167 for more information. 
Address Map for Processor processing_system7_0
  (0x41200000-0x4120ffff) SWs_8Bits	axi4lite_0
  (0x41220000-0x4122ffff) LEDs_8Bits	axi4lite_0
  (0x41240000-0x4124ffff) BTNs_5Bits	axi4lite_0

Checking platform address map ...
=====================
Opened log file
=====================
=====================
Opened log file
=====================
Xilinx Platform Studio (XPS)
Xilinx EDK 14.5 Build EDK_P.58f

Xilinx EDK 14.5 Build EDK_P.58f

WARNING:EDK - IPNAME: axi_interconnect, INSTANCE: axi4lite_0 - Pre-Production
   version not verified on hardware for architecture 'zynq' -
   /mnt/hgfs/Drive_E/Xilinx_projects/Chapter_5p4/Chapter_5p4.srcs/sources_1/edk/
   system/system.mhs line 40 
WARNING:EDK - IPNAME: axi_gpio, INSTANCE: SWs_8Bits - Pre-Production version not
   verified on hardware for architecture 'zynq' -
   /mnt/hgfs/Drive_E/Xilinx_projects/Chapter_5p4/Chapter_5p4.srcs/sources_1/edk/
   system/system.mhs line 48 
WARNING:EDK - IPNAME: axi_gpio, INSTANCE: LEDs_8Bits - Pre-Production version
   not verified on hardware for architecture 'zynq' -
   /mnt/hgfs/Drive_E/Xilinx_projects/Chapter_5p4/Chapter_5p4.srcs/sources_1/edk/
   system/system.mhs line 62 
WARNING:EDK - IPNAME: axi_gpio, INSTANCE: BTNs_5Bits - Pre-Production version
   not verified on hardware for architecture 'zynq' -
   /mnt/hgfs/Drive_E/Xilinx_projects/Chapter_5p4/Chapter_5p4.srcs/sources_1/edk/
   system/system.mhs line 76 
WARNING:EDK - IPNAME: processing_system7, INSTANCE: processing_system7_0 -
   Pre-Production version not verified on hardware for architecture 'zynq' -
   /mnt/hgfs/Drive_E/Xilinx_projects/Chapter_5p4/Chapter_5p4.srcs/sources_1/edk/
   system/system.mhs line 90 
WARNING:EDK - IPNAME: axi_interconnect, INSTANCE: axi4lite_0 - Pre-Production
   version not verified on hardware for architecture 'zynq' -
   /mnt/hgfs/Drive_E/Xilinx_projects/Chapter_5p4/Chapter_5p4.srcs/sources_1/edk/
   system/system.mhs line 40 
WARNING:EDK - IPNAME: axi_gpio, INSTANCE: SWs_8Bits - Pre-Production version not
   verified on hardware for architecture 'zynq' -
   /mnt/hgfs/Drive_E/Xilinx_projects/Chapter_5p4/Chapter_5p4.srcs/sources_1/edk/
   system/system.mhs line 48 
WARNING:EDK - IPNAME: axi_gpio, INSTANCE: LEDs_8Bits - Pre-Production version
   not verified on hardware for architecture 'zynq' -
   /mnt/hgfs/Drive_E/Xilinx_projects/Chapter_5p4/Chapter_5p4.srcs/sources_1/edk/
   system/system.mhs line 62 
WARNING:EDK - IPNAME: axi_gpio, INSTANCE: BTNs_5Bits - Pre-Production version
   not verified on hardware for architecture 'zynq' -
   /mnt/hgfs/Drive_E/Xilinx_projects/Chapter_5p4/Chapter_5p4.srcs/sources_1/edk/
   system/system.mhs line 76 
WARNING:EDK - IPNAME: processing_system7, INSTANCE: processing_system7_0 -
   Pre-Production version not verified on hardware for architecture 'zynq' -
   /mnt/hgfs/Drive_E/Xilinx_projects/Chapter_5p4/Chapter_5p4.srcs/sources_1/edk/
   system/system.mhs line 90 

Overriding IP level properties ...
INFO:EDK - IPNAME: axi_interconnect, INSTANCE:axi4lite_0 - tcl is overriding
   PARAMETER C_BASEFAMILY value to zynq -
   /opt/Xilinx/14.5/ISE_DS/EDK/hw/XilinxProcessorIPLib/pcores/axi_interconnect_v
   1_06_a/data/axi_interconnect_v2_1_0.mpd line 81 
INFO:EDK - IPNAME: processing_system7, INSTANCE:processing_system7_0 - tcl is
   overriding PARAMETER C_S_AXI_HP0_HIGHADDR value to 0x1FFFFFFF -
   /opt/Xilinx/14.5/ISE_DS/EDK/hw/XilinxProcessorIPLib/pcores/processing_system7
   _v4_03_a/data/processing_system7_v2_1_0.mpd line 300 
INFO:EDK - IPNAME: processing_system7, INSTANCE:processing_system7_0 - tcl is
   overriding PARAMETER C_S_AXI_HP1_HIGHADDR value to 0x1FFFFFFF -
   /opt/Xilinx/14.5/ISE_DS/EDK/hw/XilinxProcessorIPLib/pcores/processing_system7
   _v4_03_a/data/processing_system7_v2_1_0.mpd line 304 
INFO:EDK - IPNAME: processing_system7, INSTANCE:processing_system7_0 - tcl is
   overriding PARAMETER C_S_AXI_HP2_HIGHADDR value to 0x1FFFFFFF -
   /opt/Xilinx/14.5/ISE_DS/EDK/hw/XilinxProcessorIPLib/pcores/processing_system7
   _v4_03_a/data/processing_system7_v2_1_0.mpd line 308 
INFO:EDK - IPNAME: processing_system7, INSTANCE:processing_system7_0 - tcl is
   overriding PARAMETER C_S_AXI_HP3_HIGHADDR value to 0x1FFFFFFF -
   /opt/Xilinx/14.5/ISE_DS/EDK/hw/XilinxProcessorIPLib/pcores/processing_system7
   _v4_03_a/data/processing_system7_v2_1_0.mpd line 312 
INFO:EDK - IPNAME: processing_system7, INSTANCE:processing_system7_0 - tcl is
   overriding PARAMETER C_NUM_F2P_INTR_INPUTS value to 1 -
   /opt/Xilinx/14.5/ISE_DS/EDK/hw/XilinxProcessorIPLib/pcores/processing_system7
   _v4_03_a/data/processing_system7_v2_1_0.mpd line 319 

Computing clock values...
INFO:EDK - Frequency for Top-Level Input Clock 'processing_system7_0_PS_CLK' is
   not specified. Clock DRCs will not be performed for IPs connected to that
   clock port, unless they are connected through the clock generator IP. 


Performing IP level DRCs on properties...

Running DRC Tcl procedures for OPTION IPLEVEL_DRC_PROC...
INFO:EDK - INFO: DDR Base and High address in current configuration is
   0x00000000 and 0x1FFFFFFF respectively. 
INFO:EDK - INFO: You can modify the DDR address range accessed by Programmable
   Logic through the processing_system7 AXI slave interfaces. If MicroBlaze is a
   master on processing_system7 AXI slave interfaces, please use the top half of
   the address range (Base Address = 0x10000000; High Address = 0x1FFFFFFF). For
   all other master, any subset of the DDR address can be used. See Xilinx
   Answer 47167 for more information. 
Address Map for Processor processing_system7_0
  (0x41200000-0x4120ffff) SWs_8Bits	axi4lite_0
  (0x41220000-0x4122ffff) LEDs_8Bits	axi4lite_0
  (0x41240000-0x4124ffff) BTNs_5Bits	axi4lite_0

Checking platform address map ...

Overriding IP level properties ...
INFO:EDK - IPNAME: axi_interconnect, INSTANCE:axi4lite_0 - tcl is overriding
   PARAMETER C_BASEFAMILY value to zynq -
   /opt/Xilinx/14.5/ISE_DS/EDK/hw/XilinxProcessorIPLib/pcores/axi_interconnect_v
   1_06_a/data/axi_interconnect_v2_1_0.mpd line 81 
INFO:EDK - IPNAME: processing_system7, INSTANCE:processing_system7_0 - tcl is
   overriding PARAMETER C_S_AXI_HP0_HIGHADDR value to 0x1FFFFFFF -
   /opt/Xilinx/14.5/ISE_DS/EDK/hw/XilinxProcessorIPLib/pcores/processing_system7
   _v4_03_a/data/processing_system7_v2_1_0.mpd line 300 
INFO:EDK - IPNAME: processing_system7, INSTANCE:processing_system7_0 - tcl is
   overriding PARAMETER C_S_AXI_HP1_HIGHADDR value to 0x1FFFFFFF -
   /opt/Xilinx/14.5/ISE_DS/EDK/hw/XilinxProcessorIPLib/pcores/processing_system7
   _v4_03_a/data/processing_system7_v2_1_0.mpd line 304 
INFO:EDK - IPNAME: processing_system7, INSTANCE:processing_system7_0 - tcl is
   overriding PARAMETER C_S_AXI_HP2_HIGHADDR value to 0x1FFFFFFF -
   /opt/Xilinx/14.5/ISE_DS/EDK/hw/XilinxProcessorIPLib/pcores/processing_system7
   _v4_03_a/data/processing_system7_v2_1_0.mpd line 308 
INFO:EDK - IPNAME: processing_system7, INSTANCE:processing_system7_0 - tcl is
   overriding PARAMETER C_S_AXI_HP3_HIGHADDR value to 0x1FFFFFFF -
   /opt/Xilinx/14.5/ISE_DS/EDK/hw/XilinxProcessorIPLib/pcores/processing_system7
   _v4_03_a/data/processing_system7_v2_1_0.mpd line 312 
INFO:EDK - IPNAME: processing_system7, INSTANCE:processing_system7_0 - tcl is
   overriding PARAMETER C_NUM_F2P_INTR_INPUTS value to 1 -
   /opt/Xilinx/14.5/ISE_DS/EDK/hw/XilinxProcessorIPLib/pcores/processing_system7
   _v4_03_a/data/processing_system7_v2_1_0.mpd line 319 

Computing clock values...
INFO:EDK - Frequency for Top-Level Input Clock 'processing_system7_0_PS_CLK' is
   not specified. Clock DRCs will not be performed for IPs connected to that
   clock port, unless they are connected through the clock generator IP. 


Performing IP level DRCs on properties...

Running DRC Tcl procedures for OPTION IPLEVEL_DRC_PROC...
INFO:EDK - INFO: DDR Base and High address in current configuration is
   0x00000000 and 0x1FFFFFFF respectively. 
INFO:EDK - INFO: You can modify the DDR address range accessed by Programmable
   Logic through the processing_system7 AXI slave interfaces. If MicroBlaze is a
   master on processing_system7 AXI slave interfaces, please use the top half of
   the address range (Base Address = 0x10000000; High Address = 0x1FFFFFFF). For
   all other master, any subset of the DDR address can be used. See Xilinx
   Answer 47167 for more information. 
Address Map for Processor processing_system7_0
  (0x41200000-0x4120ffff) SWs_8Bits	axi4lite_0
  (0x41220000-0x4122ffff) LEDs_8Bits	axi4lite_0
  (0x41240000-0x4124ffff) BTNs_5Bits	axi4lite_0

Checking platform address map ...

Overriding IP level properties ...
INFO:EDK - IPNAME: axi_interconnect, INSTANCE:axi4lite_0 - tcl is overriding
   PARAMETER C_BASEFAMILY value to zynq -
   /opt/Xilinx/14.5/ISE_DS/EDK/hw/XilinxProcessorIPLib/pcores/axi_interconnect_v
   1_06_a/data/axi_interconnect_v2_1_0.mpd line 81 
INFO:EDK - IPNAME: processing_system7, INSTANCE:processing_system7_0 - tcl is
   overriding PARAMETER C_S_AXI_HP0_HIGHADDR value to 0x1FFFFFFF -
   /opt/Xilinx/14.5/ISE_DS/EDK/hw/XilinxProcessorIPLib/pcores/processing_system7
   _v4_03_a/data/processing_system7_v2_1_0.mpd line 300 
INFO:EDK - IPNAME: processing_system7, INSTANCE:processing_system7_0 - tcl is
   overriding PARAMETER C_S_AXI_HP1_HIGHADDR value to 0x1FFFFFFF -
   /opt/Xilinx/14.5/ISE_DS/EDK/hw/XilinxProcessorIPLib/pcores/processing_system7
   _v4_03_a/data/processing_system7_v2_1_0.mpd line 304 
INFO:EDK - IPNAME: processing_system7, INSTANCE:processing_system7_0 - tcl is
   overriding PARAMETER C_S_AXI_HP2_HIGHADDR value to 0x1FFFFFFF -
   /opt/Xilinx/14.5/ISE_DS/EDK/hw/XilinxProcessorIPLib/pcores/processing_system7
   _v4_03_a/data/processing_system7_v2_1_0.mpd line 308 
INFO:EDK - IPNAME: processing_system7, INSTANCE:processing_system7_0 - tcl is
   overriding PARAMETER C_S_AXI_HP3_HIGHADDR value to 0x1FFFFFFF -
   /opt/Xilinx/14.5/ISE_DS/EDK/hw/XilinxProcessorIPLib/pcores/processing_system7
   _v4_03_a/data/processing_system7_v2_1_0.mpd line 312 
INFO:EDK - IPNAME: processing_system7, INSTANCE:processing_system7_0 - tcl is
   overriding PARAMETER C_NUM_F2P_INTR_INPUTS value to 1 -
   /opt/Xilinx/14.5/ISE_DS/EDK/hw/XilinxProcessorIPLib/pcores/processing_system7
   _v4_03_a/data/processing_system7_v2_1_0.mpd line 319 

Computing clock values...
INFO:EDK - Frequency for Top-Level Input Clock 'processing_system7_0_PS_CLK' is
   not specified. Clock DRCs will not be performed for IPs connected to that
   clock port, unless they are connected through the clock generator IP. 


Performing IP level DRCs on properties...

Running DRC Tcl procedures for OPTION IPLEVEL_DRC_PROC...
INFO:EDK - INFO: DDR Base and High address in current configuration is
   0x00000000 and 0x1FFFFFFF respectively. 
INFO:EDK - INFO: You can modify the DDR address range accessed by Programmable
   Logic through the processing_system7 AXI slave interfaces. If MicroBlaze is a
   master on processing_system7 AXI slave interfaces, please use the top half of
   the address range (Base Address = 0x10000000; High Address = 0x1FFFFFFF). For
   all other master, any subset of the DDR address can be used. See Xilinx
   Answer 47167 for more information. 
Address Map for Processor processing_system7_0
  (0x41200000-0x4120ffff) SWs_8Bits	axi4lite_0
  (0x41220000-0x4122ffff) LEDs_8Bits	axi4lite_0
  (0x41240000-0x4124ffff) BTNs_5Bits	axi4lite_0

Checking platform address map ...
=====================
Opened log file
=====================
=====================
Opened log file
=====================
Xilinx Platform Studio (XPS)
Xilinx EDK 14.5 Build EDK_P.58f

Xilinx EDK 14.5 Build EDK_P.58f

WARNING:EDK - IPNAME: axi_interconnect, INSTANCE: axi4lite_0 - Pre-Production
   version not verified on hardware for architecture 'zynq' -
   /mnt/hgfs/Drive_E/Xilinx_projects/Chapter_5p4/Chapter_5p4.srcs/sources_1/edk/
   system/system.mhs line 40 
WARNING:EDK - IPNAME: axi_gpio, INSTANCE: SWs_8Bits - Pre-Production version not
   verified on hardware for architecture 'zynq' -
   /mnt/hgfs/Drive_E/Xilinx_projects/Chapter_5p4/Chapter_5p4.srcs/sources_1/edk/
   system/system.mhs line 48 
WARNING:EDK - IPNAME: axi_gpio, INSTANCE: LEDs_8Bits - Pre-Production version
   not verified on hardware for architecture 'zynq' -
   /mnt/hgfs/Drive_E/Xilinx_projects/Chapter_5p4/Chapter_5p4.srcs/sources_1/edk/
   system/system.mhs line 62 
WARNING:EDK - IPNAME: axi_gpio, INSTANCE: BTNs_5Bits - Pre-Production version
   not verified on hardware for architecture 'zynq' -
   /mnt/hgfs/Drive_E/Xilinx_projects/Chapter_5p4/Chapter_5p4.srcs/sources_1/edk/
   system/system.mhs line 76 
WARNING:EDK - IPNAME: processing_system7, INSTANCE: processing_system7_0 -
   Pre-Production version not verified on hardware for architecture 'zynq' -
   /mnt/hgfs/Drive_E/Xilinx_projects/Chapter_5p4/Chapter_5p4.srcs/sources_1/edk/
   system/system.mhs line 90 
WARNING:EDK - IPNAME: axi_interconnect, INSTANCE: axi4lite_0 - Pre-Production
   version not verified on hardware for architecture 'zynq' -
   /mnt/hgfs/Drive_E/Xilinx_projects/Chapter_5p4/Chapter_5p4.srcs/sources_1/edk/
   system/system.mhs line 40 
WARNING:EDK - IPNAME: axi_gpio, INSTANCE: SWs_8Bits - Pre-Production version not
   verified on hardware for architecture 'zynq' -
   /mnt/hgfs/Drive_E/Xilinx_projects/Chapter_5p4/Chapter_5p4.srcs/sources_1/edk/
   system/system.mhs line 48 
WARNING:EDK - IPNAME: axi_gpio, INSTANCE: LEDs_8Bits - Pre-Production version
   not verified on hardware for architecture 'zynq' -
   /mnt/hgfs/Drive_E/Xilinx_projects/Chapter_5p4/Chapter_5p4.srcs/sources_1/edk/
   system/system.mhs line 62 
WARNING:EDK - IPNAME: axi_gpio, INSTANCE: BTNs_5Bits - Pre-Production version
   not verified on hardware for architecture 'zynq' -
   /mnt/hgfs/Drive_E/Xilinx_projects/Chapter_5p4/Chapter_5p4.srcs/sources_1/edk/
   system/system.mhs line 76 
WARNING:EDK - IPNAME: processing_system7, INSTANCE: processing_system7_0 -
   Pre-Production version not verified on hardware for architecture 'zynq' -
   /mnt/hgfs/Drive_E/Xilinx_projects/Chapter_5p4/Chapter_5p4.srcs/sources_1/edk/
   system/system.mhs line 90 

Overriding IP level properties ...
INFO:EDK - IPNAME: axi_interconnect, INSTANCE:axi4lite_0 - tcl is overriding
   PARAMETER C_BASEFAMILY value to zynq -
   /opt/Xilinx/14.5/ISE_DS/EDK/hw/XilinxProcessorIPLib/pcores/axi_interconnect_v
   1_06_a/data/axi_interconnect_v2_1_0.mpd line 81 
INFO:EDK - IPNAME: processing_system7, INSTANCE:processing_system7_0 - tcl is
   overriding PARAMETER C_S_AXI_HP0_HIGHADDR value to 0x1FFFFFFF -
   /opt/Xilinx/14.5/ISE_DS/EDK/hw/XilinxProcessorIPLib/pcores/processing_system7
   _v4_03_a/data/processing_system7_v2_1_0.mpd line 300 
INFO:EDK - IPNAME: processing_system7, INSTANCE:processing_system7_0 - tcl is
   overriding PARAMETER C_S_AXI_HP1_HIGHADDR value to 0x1FFFFFFF -
   /opt/Xilinx/14.5/ISE_DS/EDK/hw/XilinxProcessorIPLib/pcores/processing_system7
   _v4_03_a/data/processing_system7_v2_1_0.mpd line 304 
INFO:EDK - IPNAME: processing_system7, INSTANCE:processing_system7_0 - tcl is
   overriding PARAMETER C_S_AXI_HP2_HIGHADDR value to 0x1FFFFFFF -
   /opt/Xilinx/14.5/ISE_DS/EDK/hw/XilinxProcessorIPLib/pcores/processing_system7
   _v4_03_a/data/processing_system7_v2_1_0.mpd line 308 
INFO:EDK - IPNAME: processing_system7, INSTANCE:processing_system7_0 - tcl is
   overriding PARAMETER C_S_AXI_HP3_HIGHADDR value to 0x1FFFFFFF -
   /opt/Xilinx/14.5/ISE_DS/EDK/hw/XilinxProcessorIPLib/pcores/processing_system7
   _v4_03_a/data/processing_system7_v2_1_0.mpd line 312 
INFO:EDK - IPNAME: processing_system7, INSTANCE:processing_system7_0 - tcl is
   overriding PARAMETER C_NUM_F2P_INTR_INPUTS value to 1 -
   /opt/Xilinx/14.5/ISE_DS/EDK/hw/XilinxProcessorIPLib/pcores/processing_system7
   _v4_03_a/data/processing_system7_v2_1_0.mpd line 319 

Computing clock values...
INFO:EDK - Frequency for Top-Level Input Clock 'processing_system7_0_PS_CLK' is
   not specified. Clock DRCs will not be performed for IPs connected to that
   clock port, unless they are connected through the clock generator IP. 


Performing IP level DRCs on properties...

Running DRC Tcl procedures for OPTION IPLEVEL_DRC_PROC...
INFO:EDK - INFO: DDR Base and High address in current configuration is
   0x00000000 and 0x1FFFFFFF respectively. 
INFO:EDK - INFO: You can modify the DDR address range accessed by Programmable
   Logic through the processing_system7 AXI slave interfaces. If MicroBlaze is a
   master on processing_system7 AXI slave interfaces, please use the top half of
   the address range (Base Address = 0x10000000; High Address = 0x1FFFFFFF). For
   all other master, any subset of the DDR address can be used. See Xilinx
   Answer 47167 for more information. 
Address Map for Processor processing_system7_0
  (0x41200000-0x4120ffff) SWs_8Bits	axi4lite_0
  (0x41220000-0x4122ffff) LEDs_8Bits	axi4lite_0
  (0x41240000-0x4124ffff) BTNs_5Bits	axi4lite_0

Checking platform address map ...

Overriding IP level properties ...
INFO:EDK - IPNAME: axi_interconnect, INSTANCE:axi4lite_0 - tcl is overriding
   PARAMETER C_BASEFAMILY value to zynq -
   /opt/Xilinx/14.5/ISE_DS/EDK/hw/XilinxProcessorIPLib/pcores/axi_interconnect_v
   1_06_a/data/axi_interconnect_v2_1_0.mpd line 81 
INFO:EDK - IPNAME: processing_system7, INSTANCE:processing_system7_0 - tcl is
   overriding PARAMETER C_S_AXI_HP0_HIGHADDR value to 0x1FFFFFFF -
   /opt/Xilinx/14.5/ISE_DS/EDK/hw/XilinxProcessorIPLib/pcores/processing_system7
   _v4_03_a/data/processing_system7_v2_1_0.mpd line 300 
INFO:EDK - IPNAME: processing_system7, INSTANCE:processing_system7_0 - tcl is
   overriding PARAMETER C_S_AXI_HP1_HIGHADDR value to 0x1FFFFFFF -
   /opt/Xilinx/14.5/ISE_DS/EDK/hw/XilinxProcessorIPLib/pcores/processing_system7
   _v4_03_a/data/processing_system7_v2_1_0.mpd line 304 
INFO:EDK - IPNAME: processing_system7, INSTANCE:processing_system7_0 - tcl is
   overriding PARAMETER C_S_AXI_HP2_HIGHADDR value to 0x1FFFFFFF -
   /opt/Xilinx/14.5/ISE_DS/EDK/hw/XilinxProcessorIPLib/pcores/processing_system7
   _v4_03_a/data/processing_system7_v2_1_0.mpd line 308 
INFO:EDK - IPNAME: processing_system7, INSTANCE:processing_system7_0 - tcl is
   overriding PARAMETER C_S_AXI_HP3_HIGHADDR value to 0x1FFFFFFF -
   /opt/Xilinx/14.5/ISE_DS/EDK/hw/XilinxProcessorIPLib/pcores/processing_system7
   _v4_03_a/data/processing_system7_v2_1_0.mpd line 312 
INFO:EDK - IPNAME: processing_system7, INSTANCE:processing_system7_0 - tcl is
   overriding PARAMETER C_NUM_F2P_INTR_INPUTS value to 1 -
   /opt/Xilinx/14.5/ISE_DS/EDK/hw/XilinxProcessorIPLib/pcores/processing_system7
   _v4_03_a/data/processing_system7_v2_1_0.mpd line 319 

Computing clock values...
INFO:EDK - Frequency for Top-Level Input Clock 'processing_system7_0_PS_CLK' is
   not specified. Clock DRCs will not be performed for IPs connected to that
   clock port, unless they are connected through the clock generator IP. 


Performing IP level DRCs on properties...

Running DRC Tcl procedures for OPTION IPLEVEL_DRC_PROC...
INFO:EDK - INFO: DDR Base and High address in current configuration is
   0x00000000 and 0x1FFFFFFF respectively. 
INFO:EDK - INFO: You can modify the DDR address range accessed by Programmable
   Logic through the processing_system7 AXI slave interfaces. If MicroBlaze is a
   master on processing_system7 AXI slave interfaces, please use the top half of
   the address range (Base Address = 0x10000000; High Address = 0x1FFFFFFF). For
   all other master, any subset of the DDR address can be used. See Xilinx
   Answer 47167 for more information. 
Address Map for Processor processing_system7_0
  (0x41200000-0x4120ffff) SWs_8Bits	axi4lite_0
  (0x41220000-0x4122ffff) LEDs_8Bits	axi4lite_0
  (0x41240000-0x4124ffff) BTNs_5Bits	axi4lite_0

Checking platform address map ...
=====================
Opened log file
=====================
=====================
Opened log file
=====================
Xilinx Platform Studio (XPS)
Xilinx EDK 14.5 Build EDK_P.58f

Xilinx EDK 14.5 Build EDK_P.58f

WARNING:EDK - IPNAME: axi_interconnect, INSTANCE: axi4lite_0 - Pre-Production
   version not verified on hardware for architecture 'zynq' -
   /mnt/hgfs/Drive_E/Xilinx_projects/Chapter_5p4/Chapter_5p4.srcs/sources_1/edk/
   system/system.mhs line 40 
WARNING:EDK - IPNAME: axi_gpio, INSTANCE: SWs_8Bits - Pre-Production version not
   verified on hardware for architecture 'zynq' -
   /mnt/hgfs/Drive_E/Xilinx_projects/Chapter_5p4/Chapter_5p4.srcs/sources_1/edk/
   system/system.mhs line 48 
WARNING:EDK - IPNAME: axi_gpio, INSTANCE: LEDs_8Bits - Pre-Production version
   not verified on hardware for architecture 'zynq' -
   /mnt/hgfs/Drive_E/Xilinx_projects/Chapter_5p4/Chapter_5p4.srcs/sources_1/edk/
   system/system.mhs line 62 
WARNING:EDK - IPNAME: axi_gpio, INSTANCE: BTNs_5Bits - Pre-Production version
   not verified on hardware for architecture 'zynq' -
   /mnt/hgfs/Drive_E/Xilinx_projects/Chapter_5p4/Chapter_5p4.srcs/sources_1/edk/
   system/system.mhs line 76 
WARNING:EDK - IPNAME: processing_system7, INSTANCE: processing_system7_0 -
   Pre-Production version not verified on hardware for architecture 'zynq' -
   /mnt/hgfs/Drive_E/Xilinx_projects/Chapter_5p4/Chapter_5p4.srcs/sources_1/edk/
   system/system.mhs line 90 
WARNING:EDK - IPNAME: axi_interconnect, INSTANCE: axi4lite_0 - Pre-Production
   version not verified on hardware for architecture 'zynq' -
   /mnt/hgfs/Drive_E/Xilinx_projects/Chapter_5p4/Chapter_5p4.srcs/sources_1/edk/
   system/system.mhs line 40 
WARNING:EDK - IPNAME: axi_gpio, INSTANCE: SWs_8Bits - Pre-Production version not
   verified on hardware for architecture 'zynq' -
   /mnt/hgfs/Drive_E/Xilinx_projects/Chapter_5p4/Chapter_5p4.srcs/sources_1/edk/
   system/system.mhs line 48 
WARNING:EDK - IPNAME: axi_gpio, INSTANCE: LEDs_8Bits - Pre-Production version
   not verified on hardware for architecture 'zynq' -
   /mnt/hgfs/Drive_E/Xilinx_projects/Chapter_5p4/Chapter_5p4.srcs/sources_1/edk/
   system/system.mhs line 62 
WARNING:EDK - IPNAME: axi_gpio, INSTANCE: BTNs_5Bits - Pre-Production version
   not verified on hardware for architecture 'zynq' -
   /mnt/hgfs/Drive_E/Xilinx_projects/Chapter_5p4/Chapter_5p4.srcs/sources_1/edk/
   system/system.mhs line 76 
WARNING:EDK - IPNAME: processing_system7, INSTANCE: processing_system7_0 -
   Pre-Production version not verified on hardware for architecture 'zynq' -
   /mnt/hgfs/Drive_E/Xilinx_projects/Chapter_5p4/Chapter_5p4.srcs/sources_1/edk/
   system/system.mhs line 90 

Overriding IP level properties ...
INFO:EDK - IPNAME: axi_interconnect, INSTANCE:axi4lite_0 - tcl is overriding
   PARAMETER C_BASEFAMILY value to zynq -
   /opt/Xilinx/14.5/ISE_DS/EDK/hw/XilinxProcessorIPLib/pcores/axi_interconnect_v
   1_06_a/data/axi_interconnect_v2_1_0.mpd line 81 
INFO:EDK - IPNAME: processing_system7, INSTANCE:processing_system7_0 - tcl is
   overriding PARAMETER C_S_AXI_HP0_HIGHADDR value to 0x1FFFFFFF -
   /opt/Xilinx/14.5/ISE_DS/EDK/hw/XilinxProcessorIPLib/pcores/processing_system7
   _v4_03_a/data/processing_system7_v2_1_0.mpd line 300 
INFO:EDK - IPNAME: processing_system7, INSTANCE:processing_system7_0 - tcl is
   overriding PARAMETER C_S_AXI_HP1_HIGHADDR value to 0x1FFFFFFF -
   /opt/Xilinx/14.5/ISE_DS/EDK/hw/XilinxProcessorIPLib/pcores/processing_system7
   _v4_03_a/data/processing_system7_v2_1_0.mpd line 304 
INFO:EDK - IPNAME: processing_system7, INSTANCE:processing_system7_0 - tcl is
   overriding PARAMETER C_S_AXI_HP2_HIGHADDR value to 0x1FFFFFFF -
   /opt/Xilinx/14.5/ISE_DS/EDK/hw/XilinxProcessorIPLib/pcores/processing_system7
   _v4_03_a/data/processing_system7_v2_1_0.mpd line 308 
INFO:EDK - IPNAME: processing_system7, INSTANCE:processing_system7_0 - tcl is
   overriding PARAMETER C_S_AXI_HP3_HIGHADDR value to 0x1FFFFFFF -
   /opt/Xilinx/14.5/ISE_DS/EDK/hw/XilinxProcessorIPLib/pcores/processing_system7
   _v4_03_a/data/processing_system7_v2_1_0.mpd line 312 
INFO:EDK - IPNAME: processing_system7, INSTANCE:processing_system7_0 - tcl is
   overriding PARAMETER C_NUM_F2P_INTR_INPUTS value to 1 -
   /opt/Xilinx/14.5/ISE_DS/EDK/hw/XilinxProcessorIPLib/pcores/processing_system7
   _v4_03_a/data/processing_system7_v2_1_0.mpd line 319 

Computing clock values...
INFO:EDK - Frequency for Top-Level Input Clock 'processing_system7_0_PS_CLK' is
   not specified. Clock DRCs will not be performed for IPs connected to that
   clock port, unless they are connected through the clock generator IP. 


Performing IP level DRCs on properties...

Running DRC Tcl procedures for OPTION IPLEVEL_DRC_PROC...
INFO:EDK - INFO: DDR Base and High address in current configuration is
   0x00000000 and 0x1FFFFFFF respectively. 
INFO:EDK - INFO: You can modify the DDR address range accessed by Programmable
   Logic through the processing_system7 AXI slave interfaces. If MicroBlaze is a
   master on processing_system7 AXI slave interfaces, please use the top half of
   the address range (Base Address = 0x10000000; High Address = 0x1FFFFFFF). For
   all other master, any subset of the DDR address can be used. See Xilinx
   Answer 47167 for more information. 
Address Map for Processor processing_system7_0
  (0x41200000-0x4120ffff) SWs_8Bits	axi4lite_0
  (0x41220000-0x4122ffff) LEDs_8Bits	axi4lite_0
  (0x41240000-0x4124ffff) BTNs_5Bits	axi4lite_0

Checking platform address map ...

Overriding IP level properties ...
INFO:EDK - IPNAME: axi_interconnect, INSTANCE:axi4lite_0 - tcl is overriding
   PARAMETER C_BASEFAMILY value to zynq -
   /opt/Xilinx/14.5/ISE_DS/EDK/hw/XilinxProcessorIPLib/pcores/axi_interconnect_v
   1_06_a/data/axi_interconnect_v2_1_0.mpd line 81 
INFO:EDK - IPNAME: processing_system7, INSTANCE:processing_system7_0 - tcl is
   overriding PARAMETER C_S_AXI_HP0_HIGHADDR value to 0x1FFFFFFF -
   /opt/Xilinx/14.5/ISE_DS/EDK/hw/XilinxProcessorIPLib/pcores/processing_system7
   _v4_03_a/data/processing_system7_v2_1_0.mpd line 300 
INFO:EDK - IPNAME: processing_system7, INSTANCE:processing_system7_0 - tcl is
   overriding PARAMETER C_S_AXI_HP1_HIGHADDR value to 0x1FFFFFFF -
   /opt/Xilinx/14.5/ISE_DS/EDK/hw/XilinxProcessorIPLib/pcores/processing_system7
   _v4_03_a/data/processing_system7_v2_1_0.mpd line 304 
INFO:EDK - IPNAME: processing_system7, INSTANCE:processing_system7_0 - tcl is
   overriding PARAMETER C_S_AXI_HP2_HIGHADDR value to 0x1FFFFFFF -
   /opt/Xilinx/14.5/ISE_DS/EDK/hw/XilinxProcessorIPLib/pcores/processing_system7
   _v4_03_a/data/processing_system7_v2_1_0.mpd line 308 
INFO:EDK - IPNAME: processing_system7, INSTANCE:processing_system7_0 - tcl is
   overriding PARAMETER C_S_AXI_HP3_HIGHADDR value to 0x1FFFFFFF -
   /opt/Xilinx/14.5/ISE_DS/EDK/hw/XilinxProcessorIPLib/pcores/processing_system7
   _v4_03_a/data/processing_system7_v2_1_0.mpd line 312 
INFO:EDK - IPNAME: processing_system7, INSTANCE:processing_system7_0 - tcl is
   overriding PARAMETER C_NUM_F2P_INTR_INPUTS value to 1 -
   /opt/Xilinx/14.5/ISE_DS/EDK/hw/XilinxProcessorIPLib/pcores/processing_system7
   _v4_03_a/data/processing_system7_v2_1_0.mpd line 319 

Computing clock values...
INFO:EDK - Frequency for Top-Level Input Clock 'processing_system7_0_PS_CLK' is
   not specified. Clock DRCs will not be performed for IPs connected to that
   clock port, unless they are connected through the clock generator IP. 


Performing IP level DRCs on properties...

Running DRC Tcl procedures for OPTION IPLEVEL_DRC_PROC...
INFO:EDK - INFO: DDR Base and High address in current configuration is
   0x00000000 and 0x1FFFFFFF respectively. 
INFO:EDK - INFO: You can modify the DDR address range accessed by Programmable
   Logic through the processing_system7 AXI slave interfaces. If MicroBlaze is a
   master on processing_system7 AXI slave interfaces, please use the top half of
   the address range (Base Address = 0x10000000; High Address = 0x1FFFFFFF). For
   all other master, any subset of the DDR address can be used. See Xilinx
   Answer 47167 for more information. 
Address Map for Processor processing_system7_0
  (0x41200000-0x4120ffff) SWs_8Bits	axi4lite_0
  (0x41220000-0x4122ffff) LEDs_8Bits	axi4lite_0
  (0x41240000-0x4124ffff) BTNs_5Bits	axi4lite_0

Checking platform address map ...

Overriding IP level properties ...
INFO:EDK - IPNAME: axi_interconnect, INSTANCE:axi4lite_0 - tcl is overriding
   PARAMETER C_BASEFAMILY value to zynq -
   /opt/Xilinx/14.5/ISE_DS/EDK/hw/XilinxProcessorIPLib/pcores/axi_interconnect_v
   1_06_a/data/axi_interconnect_v2_1_0.mpd line 81 
INFO:EDK - IPNAME: processing_system7, INSTANCE:processing_system7_0 - tcl is
   overriding PARAMETER C_S_AXI_HP0_HIGHADDR value to 0x1FFFFFFF -
   /opt/Xilinx/14.5/ISE_DS/EDK/hw/XilinxProcessorIPLib/pcores/processing_system7
   _v4_03_a/data/processing_system7_v2_1_0.mpd line 300 
INFO:EDK - IPNAME: processing_system7, INSTANCE:processing_system7_0 - tcl is
   overriding PARAMETER C_S_AXI_HP1_HIGHADDR value to 0x1FFFFFFF -
   /opt/Xilinx/14.5/ISE_DS/EDK/hw/XilinxProcessorIPLib/pcores/processing_system7
   _v4_03_a/data/processing_system7_v2_1_0.mpd line 304 
INFO:EDK - IPNAME: processing_system7, INSTANCE:processing_system7_0 - tcl is
   overriding PARAMETER C_S_AXI_HP2_HIGHADDR value to 0x1FFFFFFF -
   /opt/Xilinx/14.5/ISE_DS/EDK/hw/XilinxProcessorIPLib/pcores/processing_system7
   _v4_03_a/data/processing_system7_v2_1_0.mpd line 308 
INFO:EDK - IPNAME: processing_system7, INSTANCE:processing_system7_0 - tcl is
   overriding PARAMETER C_S_AXI_HP3_HIGHADDR value to 0x1FFFFFFF -
   /opt/Xilinx/14.5/ISE_DS/EDK/hw/XilinxProcessorIPLib/pcores/processing_system7
   _v4_03_a/data/processing_system7_v2_1_0.mpd line 312 
INFO:EDK - IPNAME: processing_system7, INSTANCE:processing_system7_0 - tcl is
   overriding PARAMETER C_NUM_F2P_INTR_INPUTS value to 1 -
   /opt/Xilinx/14.5/ISE_DS/EDK/hw/XilinxProcessorIPLib/pcores/processing_system7
   _v4_03_a/data/processing_system7_v2_1_0.mpd line 319 

Computing clock values...
INFO:EDK - Frequency for Top-Level Input Clock 'processing_system7_0_PS_CLK' is
   not specified. Clock DRCs will not be performed for IPs connected to that
   clock port, unless they are connected through the clock generator IP. 


Performing IP level DRCs on properties...

Running DRC Tcl procedures for OPTION IPLEVEL_DRC_PROC...
INFO:EDK - INFO: DDR Base and High address in current configuration is
   0x00000000 and 0x1FFFFFFF respectively. 
INFO:EDK - INFO: You can modify the DDR address range accessed by Programmable
   Logic through the processing_system7 AXI slave interfaces. If MicroBlaze is a
   master on processing_system7 AXI slave interfaces, please use the top half of
   the address range (Base Address = 0x10000000; High Address = 0x1FFFFFFF). For
   all other master, any subset of the DDR address can be used. See Xilinx
   Answer 47167 for more information. 
Address Map for Processor processing_system7_0
  (0x41200000-0x4120ffff) SWs_8Bits	axi4lite_0
  (0x41220000-0x4122ffff) LEDs_8Bits	axi4lite_0
  (0x41240000-0x4124ffff) BTNs_5Bits	axi4lite_0

Checking platform address map ...
=====================
Opened log file
=====================
=====================
Opened log file
=====================
Xilinx Platform Studio (XPS)
Xilinx EDK 14.5 Build EDK_P.58f

Xilinx EDK 14.5 Build EDK_P.58f

WARNING:EDK - IPNAME: axi_interconnect, INSTANCE: axi4lite_0 - Pre-Production
   version not verified on hardware for architecture 'zynq' -
   /mnt/hgfs/Drive_E/Xilinx_projects/Chapter_5p4/Chapter_5p4.srcs/sources_1/edk/
   system/system.mhs line 40 
WARNING:EDK - IPNAME: axi_gpio, INSTANCE: SWs_8Bits - Pre-Production version not
   verified on hardware for architecture 'zynq' -
   /mnt/hgfs/Drive_E/Xilinx_projects/Chapter_5p4/Chapter_5p4.srcs/sources_1/edk/
   system/system.mhs line 48 
WARNING:EDK - IPNAME: axi_gpio, INSTANCE: LEDs_8Bits - Pre-Production version
   not verified on hardware for architecture 'zynq' -
   /mnt/hgfs/Drive_E/Xilinx_projects/Chapter_5p4/Chapter_5p4.srcs/sources_1/edk/
   system/system.mhs line 62 
WARNING:EDK - IPNAME: axi_gpio, INSTANCE: BTNs_5Bits - Pre-Production version
   not verified on hardware for architecture 'zynq' -
   /mnt/hgfs/Drive_E/Xilinx_projects/Chapter_5p4/Chapter_5p4.srcs/sources_1/edk/
   system/system.mhs line 76 
WARNING:EDK - IPNAME: processing_system7, INSTANCE: processing_system7_0 -
   Pre-Production version not verified on hardware for architecture 'zynq' -
   /mnt/hgfs/Drive_E/Xilinx_projects/Chapter_5p4/Chapter_5p4.srcs/sources_1/edk/
   system/system.mhs line 90 
WARNING:EDK - IPNAME: axi_interconnect, INSTANCE: axi4lite_0 - Pre-Production
   version not verified on hardware for architecture 'zynq' -
   /mnt/hgfs/Drive_E/Xilinx_projects/Chapter_5p4/Chapter_5p4.srcs/sources_1/edk/
   system/system.mhs line 40 
WARNING:EDK - IPNAME: axi_gpio, INSTANCE: SWs_8Bits - Pre-Production version not
   verified on hardware for architecture 'zynq' -
   /mnt/hgfs/Drive_E/Xilinx_projects/Chapter_5p4/Chapter_5p4.srcs/sources_1/edk/
   system/system.mhs line 48 
WARNING:EDK - IPNAME: axi_gpio, INSTANCE: LEDs_8Bits - Pre-Production version
   not verified on hardware for architecture 'zynq' -
   /mnt/hgfs/Drive_E/Xilinx_projects/Chapter_5p4/Chapter_5p4.srcs/sources_1/edk/
   system/system.mhs line 62 
WARNING:EDK - IPNAME: axi_gpio, INSTANCE: BTNs_5Bits - Pre-Production version
   not verified on hardware for architecture 'zynq' -
   /mnt/hgfs/Drive_E/Xilinx_projects/Chapter_5p4/Chapter_5p4.srcs/sources_1/edk/
   system/system.mhs line 76 
WARNING:EDK - IPNAME: processing_system7, INSTANCE: processing_system7_0 -
   Pre-Production version not verified on hardware for architecture 'zynq' -
   /mnt/hgfs/Drive_E/Xilinx_projects/Chapter_5p4/Chapter_5p4.srcs/sources_1/edk/
   system/system.mhs line 90 

Overriding IP level properties ...
INFO:EDK - IPNAME: axi_interconnect, INSTANCE:axi4lite_0 - tcl is overriding
   PARAMETER C_BASEFAMILY value to zynq -
   /opt/Xilinx/14.5/ISE_DS/EDK/hw/XilinxProcessorIPLib/pcores/axi_interconnect_v
   1_06_a/data/axi_interconnect_v2_1_0.mpd line 81 
INFO:EDK - IPNAME: processing_system7, INSTANCE:processing_system7_0 - tcl is
   overriding PARAMETER C_S_AXI_HP0_HIGHADDR value to 0x1FFFFFFF -
   /opt/Xilinx/14.5/ISE_DS/EDK/hw/XilinxProcessorIPLib/pcores/processing_system7
   _v4_03_a/data/processing_system7_v2_1_0.mpd line 300 
INFO:EDK - IPNAME: processing_system7, INSTANCE:processing_system7_0 - tcl is
   overriding PARAMETER C_S_AXI_HP1_HIGHADDR value to 0x1FFFFFFF -
   /opt/Xilinx/14.5/ISE_DS/EDK/hw/XilinxProcessorIPLib/pcores/processing_system7
   _v4_03_a/data/processing_system7_v2_1_0.mpd line 304 
INFO:EDK - IPNAME: processing_system7, INSTANCE:processing_system7_0 - tcl is
   overriding PARAMETER C_S_AXI_HP2_HIGHADDR value to 0x1FFFFFFF -
   /opt/Xilinx/14.5/ISE_DS/EDK/hw/XilinxProcessorIPLib/pcores/processing_system7
   _v4_03_a/data/processing_system7_v2_1_0.mpd line 308 
INFO:EDK - IPNAME: processing_system7, INSTANCE:processing_system7_0 - tcl is
   overriding PARAMETER C_S_AXI_HP3_HIGHADDR value to 0x1FFFFFFF -
   /opt/Xilinx/14.5/ISE_DS/EDK/hw/XilinxProcessorIPLib/pcores/processing_system7
   _v4_03_a/data/processing_system7_v2_1_0.mpd line 312 
INFO:EDK - IPNAME: processing_system7, INSTANCE:processing_system7_0 - tcl is
   overriding PARAMETER C_NUM_F2P_INTR_INPUTS value to 1 -
   /opt/Xilinx/14.5/ISE_DS/EDK/hw/XilinxProcessorIPLib/pcores/processing_system7
   _v4_03_a/data/processing_system7_v2_1_0.mpd line 319 

Computing clock values...
INFO:EDK - Frequency for Top-Level Input Clock 'processing_system7_0_PS_CLK' is
   not specified. Clock DRCs will not be performed for IPs connected to that
   clock port, unless they are connected through the clock generator IP. 


Performing IP level DRCs on properties...

Running DRC Tcl procedures for OPTION IPLEVEL_DRC_PROC...
INFO:EDK - INFO: DDR Base and High address in current configuration is
   0x00000000 and 0x1FFFFFFF respectively. 
INFO:EDK - INFO: You can modify the DDR address range accessed by Programmable
   Logic through the processing_system7 AXI slave interfaces. If MicroBlaze is a
   master on processing_system7 AXI slave interfaces, please use the top half of
   the address range (Base Address = 0x10000000; High Address = 0x1FFFFFFF). For
   all other master, any subset of the DDR address can be used. See Xilinx
   Answer 47167 for more information. 
Address Map for Processor processing_system7_0
  (0x41200000-0x4120ffff) SWs_8Bits	axi4lite_0
  (0x41220000-0x4122ffff) LEDs_8Bits	axi4lite_0
  (0x41240000-0x4124ffff) BTNs_5Bits	axi4lite_0

Checking platform address map ...

Overriding IP level properties ...
INFO:EDK - IPNAME: axi_interconnect, INSTANCE:axi4lite_0 - tcl is overriding
   PARAMETER C_BASEFAMILY value to zynq -
   /opt/Xilinx/14.5/ISE_DS/EDK/hw/XilinxProcessorIPLib/pcores/axi_interconnect_v
   1_06_a/data/axi_interconnect_v2_1_0.mpd line 81 
INFO:EDK - IPNAME: processing_system7, INSTANCE:processing_system7_0 - tcl is
   overriding PARAMETER C_S_AXI_HP0_HIGHADDR value to 0x1FFFFFFF -
   /opt/Xilinx/14.5/ISE_DS/EDK/hw/XilinxProcessorIPLib/pcores/processing_system7
   _v4_03_a/data/processing_system7_v2_1_0.mpd line 300 
INFO:EDK - IPNAME: processing_system7, INSTANCE:processing_system7_0 - tcl is
   overriding PARAMETER C_S_AXI_HP1_HIGHADDR value to 0x1FFFFFFF -
   /opt/Xilinx/14.5/ISE_DS/EDK/hw/XilinxProcessorIPLib/pcores/processing_system7
   _v4_03_a/data/processing_system7_v2_1_0.mpd line 304 
INFO:EDK - IPNAME: processing_system7, INSTANCE:processing_system7_0 - tcl is
   overriding PARAMETER C_S_AXI_HP2_HIGHADDR value to 0x1FFFFFFF -
   /opt/Xilinx/14.5/ISE_DS/EDK/hw/XilinxProcessorIPLib/pcores/processing_system7
   _v4_03_a/data/processing_system7_v2_1_0.mpd line 308 
INFO:EDK - IPNAME: processing_system7, INSTANCE:processing_system7_0 - tcl is
   overriding PARAMETER C_S_AXI_HP3_HIGHADDR value to 0x1FFFFFFF -
   /opt/Xilinx/14.5/ISE_DS/EDK/hw/XilinxProcessorIPLib/pcores/processing_system7
   _v4_03_a/data/processing_system7_v2_1_0.mpd line 312 
INFO:EDK - IPNAME: processing_system7, INSTANCE:processing_system7_0 - tcl is
   overriding PARAMETER C_NUM_F2P_INTR_INPUTS value to 1 -
   /opt/Xilinx/14.5/ISE_DS/EDK/hw/XilinxProcessorIPLib/pcores/processing_system7
   _v4_03_a/data/processing_system7_v2_1_0.mpd line 319 

Computing clock values...
INFO:EDK - Frequency for Top-Level Input Clock 'processing_system7_0_PS_CLK' is
   not specified. Clock DRCs will not be performed for IPs connected to that
   clock port, unless they are connected through the clock generator IP. 


Performing IP level DRCs on properties...

Running DRC Tcl procedures for OPTION IPLEVEL_DRC_PROC...
INFO:EDK - INFO: DDR Base and High address in current configuration is
   0x00000000 and 0x1FFFFFFF respectively. 
INFO:EDK - INFO: You can modify the DDR address range accessed by Programmable
   Logic through the processing_system7 AXI slave interfaces. If MicroBlaze is a
   master on processing_system7 AXI slave interfaces, please use the top half of
   the address range (Base Address = 0x10000000; High Address = 0x1FFFFFFF). For
   all other master, any subset of the DDR address can be used. See Xilinx
   Answer 47167 for more information. 
Address Map for Processor processing_system7_0
  (0x41200000-0x4120ffff) SWs_8Bits	axi4lite_0
  (0x41220000-0x4122ffff) LEDs_8Bits	axi4lite_0
  (0x41240000-0x4124ffff) BTNs_5Bits	axi4lite_0

Checking platform address map ...
=====================
Opened log file
=====================
=====================
Opened log file
=====================
Xilinx Platform Studio (XPS)
Xilinx EDK 14.5 Build EDK_P.58f

Xilinx EDK 14.5 Build EDK_P.58f

WARNING:EDK - IPNAME: axi_interconnect, INSTANCE: axi4lite_0 - Pre-Production
   version not verified on hardware for architecture 'zynq' -
   /mnt/hgfs/Drive_E/Xilinx_projects/Chapter_5p4/Chapter_5p4.srcs/sources_1/edk/
   system/system.mhs line 40 
WARNING:EDK - IPNAME: axi_gpio, INSTANCE: SWs_8Bits - Pre-Production version not
   verified on hardware for architecture 'zynq' -
   /mnt/hgfs/Drive_E/Xilinx_projects/Chapter_5p4/Chapter_5p4.srcs/sources_1/edk/
   system/system.mhs line 48 
WARNING:EDK - IPNAME: axi_gpio, INSTANCE: LEDs_8Bits - Pre-Production version
   not verified on hardware for architecture 'zynq' -
   /mnt/hgfs/Drive_E/Xilinx_projects/Chapter_5p4/Chapter_5p4.srcs/sources_1/edk/
   system/system.mhs line 62 
WARNING:EDK - IPNAME: axi_gpio, INSTANCE: BTNs_5Bits - Pre-Production version
   not verified on hardware for architecture 'zynq' -
   /mnt/hgfs/Drive_E/Xilinx_projects/Chapter_5p4/Chapter_5p4.srcs/sources_1/edk/
   system/system.mhs line 76 
WARNING:EDK - IPNAME: processing_system7, INSTANCE: processing_system7_0 -
   Pre-Production version not verified on hardware for architecture 'zynq' -
   /mnt/hgfs/Drive_E/Xilinx_projects/Chapter_5p4/Chapter_5p4.srcs/sources_1/edk/
   system/system.mhs line 90 
WARNING:EDK - IPNAME: axi_interconnect, INSTANCE: axi4lite_0 - Pre-Production
   version not verified on hardware for architecture 'zynq' -
   /mnt/hgfs/Drive_E/Xilinx_projects/Chapter_5p4/Chapter_5p4.srcs/sources_1/edk/
   system/system.mhs line 40 
WARNING:EDK - IPNAME: axi_gpio, INSTANCE: SWs_8Bits - Pre-Production version not
   verified on hardware for architecture 'zynq' -
   /mnt/hgfs/Drive_E/Xilinx_projects/Chapter_5p4/Chapter_5p4.srcs/sources_1/edk/
   system/system.mhs line 48 
WARNING:EDK - IPNAME: axi_gpio, INSTANCE: LEDs_8Bits - Pre-Production version
   not verified on hardware for architecture 'zynq' -
   /mnt/hgfs/Drive_E/Xilinx_projects/Chapter_5p4/Chapter_5p4.srcs/sources_1/edk/
   system/system.mhs line 62 
WARNING:EDK - IPNAME: axi_gpio, INSTANCE: BTNs_5Bits - Pre-Production version
   not verified on hardware for architecture 'zynq' -
   /mnt/hgfs/Drive_E/Xilinx_projects/Chapter_5p4/Chapter_5p4.srcs/sources_1/edk/
   system/system.mhs line 76 
WARNING:EDK - IPNAME: processing_system7, INSTANCE: processing_system7_0 -
   Pre-Production version not verified on hardware for architecture 'zynq' -
   /mnt/hgfs/Drive_E/Xilinx_projects/Chapter_5p4/Chapter_5p4.srcs/sources_1/edk/
   system/system.mhs line 90 

Overriding IP level properties ...
INFO:EDK - IPNAME: axi_interconnect, INSTANCE:axi4lite_0 - tcl is overriding
   PARAMETER C_BASEFAMILY value to zynq -
   /opt/Xilinx/14.5/ISE_DS/EDK/hw/XilinxProcessorIPLib/pcores/axi_interconnect_v
   1_06_a/data/axi_interconnect_v2_1_0.mpd line 81 
INFO:EDK - IPNAME: processing_system7, INSTANCE:processing_system7_0 - tcl is
   overriding PARAMETER C_S_AXI_HP0_HIGHADDR value to 0x1FFFFFFF -
   /opt/Xilinx/14.5/ISE_DS/EDK/hw/XilinxProcessorIPLib/pcores/processing_system7
   _v4_03_a/data/processing_system7_v2_1_0.mpd line 300 
INFO:EDK - IPNAME: processing_system7, INSTANCE:processing_system7_0 - tcl is
   overriding PARAMETER C_S_AXI_HP1_HIGHADDR value to 0x1FFFFFFF -
   /opt/Xilinx/14.5/ISE_DS/EDK/hw/XilinxProcessorIPLib/pcores/processing_system7
   _v4_03_a/data/processing_system7_v2_1_0.mpd line 304 
INFO:EDK - IPNAME: processing_system7, INSTANCE:processing_system7_0 - tcl is
   overriding PARAMETER C_S_AXI_HP2_HIGHADDR value to 0x1FFFFFFF -
   /opt/Xilinx/14.5/ISE_DS/EDK/hw/XilinxProcessorIPLib/pcores/processing_system7
   _v4_03_a/data/processing_system7_v2_1_0.mpd line 308 
INFO:EDK - IPNAME: processing_system7, INSTANCE:processing_system7_0 - tcl is
   overriding PARAMETER C_S_AXI_HP3_HIGHADDR value to 0x1FFFFFFF -
   /opt/Xilinx/14.5/ISE_DS/EDK/hw/XilinxProcessorIPLib/pcores/processing_system7
   _v4_03_a/data/processing_system7_v2_1_0.mpd line 312 
INFO:EDK - IPNAME: processing_system7, INSTANCE:processing_system7_0 - tcl is
   overriding PARAMETER C_NUM_F2P_INTR_INPUTS value to 1 -
   /opt/Xilinx/14.5/ISE_DS/EDK/hw/XilinxProcessorIPLib/pcores/processing_system7
   _v4_03_a/data/processing_system7_v2_1_0.mpd line 319 

Computing clock values...
INFO:EDK - Frequency for Top-Level Input Clock 'processing_system7_0_PS_CLK' is
   not specified. Clock DRCs will not be performed for IPs connected to that
   clock port, unless they are connected through the clock generator IP. 


Performing IP level DRCs on properties...

Running DRC Tcl procedures for OPTION IPLEVEL_DRC_PROC...
INFO:EDK - INFO: DDR Base and High address in current configuration is
   0x00000000 and 0x1FFFFFFF respectively. 
INFO:EDK - INFO: You can modify the DDR address range accessed by Programmable
   Logic through the processing_system7 AXI slave interfaces. If MicroBlaze is a
   master on processing_system7 AXI slave interfaces, please use the top half of
   the address range (Base Address = 0x10000000; High Address = 0x1FFFFFFF). For
   all other master, any subset of the DDR address can be used. See Xilinx
   Answer 47167 for more information. 
Address Map for Processor processing_system7_0
  (0x41200000-0x4120ffff) SWs_8Bits	axi4lite_0
  (0x41220000-0x4122ffff) LEDs_8Bits	axi4lite_0
  (0x41240000-0x4124ffff) BTNs_5Bits	axi4lite_0

Checking platform address map ...

Overriding IP level properties ...
INFO:EDK - IPNAME: axi_interconnect, INSTANCE:axi4lite_0 - tcl is overriding
   PARAMETER C_BASEFAMILY value to zynq -
   /opt/Xilinx/14.5/ISE_DS/EDK/hw/XilinxProcessorIPLib/pcores/axi_interconnect_v
   1_06_a/data/axi_interconnect_v2_1_0.mpd line 81 
INFO:EDK - IPNAME: processing_system7, INSTANCE:processing_system7_0 - tcl is
   overriding PARAMETER C_S_AXI_HP0_HIGHADDR value to 0x1FFFFFFF -
   /opt/Xilinx/14.5/ISE_DS/EDK/hw/XilinxProcessorIPLib/pcores/processing_system7
   _v4_03_a/data/processing_system7_v2_1_0.mpd line 300 
INFO:EDK - IPNAME: processing_system7, INSTANCE:processing_system7_0 - tcl is
   overriding PARAMETER C_S_AXI_HP1_HIGHADDR value to 0x1FFFFFFF -
   /opt/Xilinx/14.5/ISE_DS/EDK/hw/XilinxProcessorIPLib/pcores/processing_system7
   _v4_03_a/data/processing_system7_v2_1_0.mpd line 304 
INFO:EDK - IPNAME: processing_system7, INSTANCE:processing_system7_0 - tcl is
   overriding PARAMETER C_S_AXI_HP2_HIGHADDR value to 0x1FFFFFFF -
   /opt/Xilinx/14.5/ISE_DS/EDK/hw/XilinxProcessorIPLib/pcores/processing_system7
   _v4_03_a/data/processing_system7_v2_1_0.mpd line 308 
INFO:EDK - IPNAME: processing_system7, INSTANCE:processing_system7_0 - tcl is
   overriding PARAMETER C_S_AXI_HP3_HIGHADDR value to 0x1FFFFFFF -
   /opt/Xilinx/14.5/ISE_DS/EDK/hw/XilinxProcessorIPLib/pcores/processing_system7
   _v4_03_a/data/processing_system7_v2_1_0.mpd line 312 
INFO:EDK - IPNAME: processing_system7, INSTANCE:processing_system7_0 - tcl is
   overriding PARAMETER C_NUM_F2P_INTR_INPUTS value to 1 -
   /opt/Xilinx/14.5/ISE_DS/EDK/hw/XilinxProcessorIPLib/pcores/processing_system7
   _v4_03_a/data/processing_system7_v2_1_0.mpd line 319 

Computing clock values...
INFO:EDK - Frequency for Top-Level Input Clock 'processing_system7_0_PS_CLK' is
   not specified. Clock DRCs will not be performed for IPs connected to that
   clock port, unless they are connected through the clock generator IP. 


Performing IP level DRCs on properties...

Running DRC Tcl procedures for OPTION IPLEVEL_DRC_PROC...
INFO:EDK - INFO: DDR Base and High address in current configuration is
   0x00000000 and 0x1FFFFFFF respectively. 
INFO:EDK - INFO: You can modify the DDR address range accessed by Programmable
   Logic through the processing_system7 AXI slave interfaces. If MicroBlaze is a
   master on processing_system7 AXI slave interfaces, please use the top half of
   the address range (Base Address = 0x10000000; High Address = 0x1FFFFFFF). For
   all other master, any subset of the DDR address can be used. See Xilinx
   Answer 47167 for more information. 
Address Map for Processor processing_system7_0
  (0x41200000-0x4120ffff) SWs_8Bits	axi4lite_0
  (0x41220000-0x4122ffff) LEDs_8Bits	axi4lite_0
  (0x41240000-0x4124ffff) BTNs_5Bits	axi4lite_0

Checking platform address map ...
=====================
Opened log file
=====================
=====================
Opened log file
=====================
Xilinx Platform Studio (XPS)
Xilinx EDK 14.5 Build EDK_P.58f

Xilinx EDK 14.5 Build EDK_P.58f

WARNING:EDK - IPNAME: axi_interconnect, INSTANCE: axi4lite_0 - Pre-Production
   version not verified on hardware for architecture 'zynq' -
   /mnt/hgfs/Drive_E/Xilinx_projects/Chapter_5p4/Chapter_5p4.srcs/sources_1/edk/
   system/system.mhs line 40 
WARNING:EDK - IPNAME: axi_gpio, INSTANCE: SWs_8Bits - Pre-Production version not
   verified on hardware for architecture 'zynq' -
   /mnt/hgfs/Drive_E/Xilinx_projects/Chapter_5p4/Chapter_5p4.srcs/sources_1/edk/
   system/system.mhs line 48 
WARNING:EDK - IPNAME: axi_gpio, INSTANCE: LEDs_8Bits - Pre-Production version
   not verified on hardware for architecture 'zynq' -
   /mnt/hgfs/Drive_E/Xilinx_projects/Chapter_5p4/Chapter_5p4.srcs/sources_1/edk/
   system/system.mhs line 62 
WARNING:EDK - IPNAME: axi_gpio, INSTANCE: BTNs_5Bits - Pre-Production version
   not verified on hardware for architecture 'zynq' -
   /mnt/hgfs/Drive_E/Xilinx_projects/Chapter_5p4/Chapter_5p4.srcs/sources_1/edk/
   system/system.mhs line 76 
WARNING:EDK - IPNAME: processing_system7, INSTANCE: processing_system7_0 -
   Pre-Production version not verified on hardware for architecture 'zynq' -
   /mnt/hgfs/Drive_E/Xilinx_projects/Chapter_5p4/Chapter_5p4.srcs/sources_1/edk/
   system/system.mhs line 90 
WARNING:EDK - IPNAME: axi_interconnect, INSTANCE: axi4lite_0 - Pre-Production
   version not verified on hardware for architecture 'zynq' -
   /mnt/hgfs/Drive_E/Xilinx_projects/Chapter_5p4/Chapter_5p4.srcs/sources_1/edk/
   system/system.mhs line 40 
WARNING:EDK - IPNAME: axi_gpio, INSTANCE: SWs_8Bits - Pre-Production version not
   verified on hardware for architecture 'zynq' -
   /mnt/hgfs/Drive_E/Xilinx_projects/Chapter_5p4/Chapter_5p4.srcs/sources_1/edk/
   system/system.mhs line 48 
WARNING:EDK - IPNAME: axi_gpio, INSTANCE: LEDs_8Bits - Pre-Production version
   not verified on hardware for architecture 'zynq' -
   /mnt/hgfs/Drive_E/Xilinx_projects/Chapter_5p4/Chapter_5p4.srcs/sources_1/edk/
   system/system.mhs line 62 
WARNING:EDK - IPNAME: axi_gpio, INSTANCE: BTNs_5Bits - Pre-Production version
   not verified on hardware for architecture 'zynq' -
   /mnt/hgfs/Drive_E/Xilinx_projects/Chapter_5p4/Chapter_5p4.srcs/sources_1/edk/
   system/system.mhs line 76 
WARNING:EDK - IPNAME: processing_system7, INSTANCE: processing_system7_0 -
   Pre-Production version not verified on hardware for architecture 'zynq' -
   /mnt/hgfs/Drive_E/Xilinx_projects/Chapter_5p4/Chapter_5p4.srcs/sources_1/edk/
   system/system.mhs line 90 

Overriding IP level properties ...
INFO:EDK - IPNAME: axi_interconnect, INSTANCE:axi4lite_0 - tcl is overriding
   PARAMETER C_BASEFAMILY value to zynq -
   /opt/Xilinx/14.5/ISE_DS/EDK/hw/XilinxProcessorIPLib/pcores/axi_interconnect_v
   1_06_a/data/axi_interconnect_v2_1_0.mpd line 81 
INFO:EDK - IPNAME: processing_system7, INSTANCE:processing_system7_0 - tcl is
   overriding PARAMETER C_S_AXI_HP0_HIGHADDR value to 0x1FFFFFFF -
   /opt/Xilinx/14.5/ISE_DS/EDK/hw/XilinxProcessorIPLib/pcores/processing_system7
   _v4_03_a/data/processing_system7_v2_1_0.mpd line 300 
INFO:EDK - IPNAME: processing_system7, INSTANCE:processing_system7_0 - tcl is
   overriding PARAMETER C_S_AXI_HP1_HIGHADDR value to 0x1FFFFFFF -
   /opt/Xilinx/14.5/ISE_DS/EDK/hw/XilinxProcessorIPLib/pcores/processing_system7
   _v4_03_a/data/processing_system7_v2_1_0.mpd line 304 
INFO:EDK - IPNAME: processing_system7, INSTANCE:processing_system7_0 - tcl is
   overriding PARAMETER C_S_AXI_HP2_HIGHADDR value to 0x1FFFFFFF -
   /opt/Xilinx/14.5/ISE_DS/EDK/hw/XilinxProcessorIPLib/pcores/processing_system7
   _v4_03_a/data/processing_system7_v2_1_0.mpd line 308 
INFO:EDK - IPNAME: processing_system7, INSTANCE:processing_system7_0 - tcl is
   overriding PARAMETER C_S_AXI_HP3_HIGHADDR value to 0x1FFFFFFF -
   /opt/Xilinx/14.5/ISE_DS/EDK/hw/XilinxProcessorIPLib/pcores/processing_system7
   _v4_03_a/data/processing_system7_v2_1_0.mpd line 312 
INFO:EDK - IPNAME: processing_system7, INSTANCE:processing_system7_0 - tcl is
   overriding PARAMETER C_NUM_F2P_INTR_INPUTS value to 1 -
   /opt/Xilinx/14.5/ISE_DS/EDK/hw/XilinxProcessorIPLib/pcores/processing_system7
   _v4_03_a/data/processing_system7_v2_1_0.mpd line 319 

Computing clock values...
INFO:EDK - Frequency for Top-Level Input Clock 'processing_system7_0_PS_CLK' is
   not specified. Clock DRCs will not be performed for IPs connected to that
   clock port, unless they are connected through the clock generator IP. 


Performing IP level DRCs on properties...

Running DRC Tcl procedures for OPTION IPLEVEL_DRC_PROC...
INFO:EDK - INFO: DDR Base and High address in current configuration is
   0x00000000 and 0x1FFFFFFF respectively. 
INFO:EDK - INFO: You can modify the DDR address range accessed by Programmable
   Logic through the processing_system7 AXI slave interfaces. If MicroBlaze is a
   master on processing_system7 AXI slave interfaces, please use the top half of
   the address range (Base Address = 0x10000000; High Address = 0x1FFFFFFF). For
   all other master, any subset of the DDR address can be used. See Xilinx
   Answer 47167 for more information. 
Address Map for Processor processing_system7_0
  (0x41200000-0x4120ffff) SWs_8Bits	axi4lite_0
  (0x41220000-0x4122ffff) LEDs_8Bits	axi4lite_0
  (0x41240000-0x4124ffff) BTNs_5Bits	axi4lite_0

Checking platform address map ...

Overriding IP level properties ...
INFO:EDK - IPNAME: axi_interconnect, INSTANCE:axi4lite_0 - tcl is overriding
   PARAMETER C_BASEFAMILY value to zynq -
   /opt/Xilinx/14.5/ISE_DS/EDK/hw/XilinxProcessorIPLib/pcores/axi_interconnect_v
   1_06_a/data/axi_interconnect_v2_1_0.mpd line 81 
INFO:EDK - IPNAME: processing_system7, INSTANCE:processing_system7_0 - tcl is
   overriding PARAMETER C_S_AXI_HP0_HIGHADDR value to 0x1FFFFFFF -
   /opt/Xilinx/14.5/ISE_DS/EDK/hw/XilinxProcessorIPLib/pcores/processing_system7
   _v4_03_a/data/processing_system7_v2_1_0.mpd line 300 
INFO:EDK - IPNAME: processing_system7, INSTANCE:processing_system7_0 - tcl is
   overriding PARAMETER C_S_AXI_HP1_HIGHADDR value to 0x1FFFFFFF -
   /opt/Xilinx/14.5/ISE_DS/EDK/hw/XilinxProcessorIPLib/pcores/processing_system7
   _v4_03_a/data/processing_system7_v2_1_0.mpd line 304 
INFO:EDK - IPNAME: processing_system7, INSTANCE:processing_system7_0 - tcl is
   overriding PARAMETER C_S_AXI_HP2_HIGHADDR value to 0x1FFFFFFF -
   /opt/Xilinx/14.5/ISE_DS/EDK/hw/XilinxProcessorIPLib/pcores/processing_system7
   _v4_03_a/data/processing_system7_v2_1_0.mpd line 308 
INFO:EDK - IPNAME: processing_system7, INSTANCE:processing_system7_0 - tcl is
   overriding PARAMETER C_S_AXI_HP3_HIGHADDR value to 0x1FFFFFFF -
   /opt/Xilinx/14.5/ISE_DS/EDK/hw/XilinxProcessorIPLib/pcores/processing_system7
   _v4_03_a/data/processing_system7_v2_1_0.mpd line 312 
INFO:EDK - IPNAME: processing_system7, INSTANCE:processing_system7_0 - tcl is
   overriding PARAMETER C_NUM_F2P_INTR_INPUTS value to 1 -
   /opt/Xilinx/14.5/ISE_DS/EDK/hw/XilinxProcessorIPLib/pcores/processing_system7
   _v4_03_a/data/processing_system7_v2_1_0.mpd line 319 

Computing clock values...
INFO:EDK - Frequency for Top-Level Input Clock 'processing_system7_0_PS_CLK' is
   not specified. Clock DRCs will not be performed for IPs connected to that
   clock port, unless they are connected through the clock generator IP. 


Performing IP level DRCs on properties...

Running DRC Tcl procedures for OPTION IPLEVEL_DRC_PROC...
INFO:EDK - INFO: DDR Base and High address in current configuration is
   0x00000000 and 0x1FFFFFFF respectively. 
INFO:EDK - INFO: You can modify the DDR address range accessed by Programmable
   Logic through the processing_system7 AXI slave interfaces. If MicroBlaze is a
   master on processing_system7 AXI slave interfaces, please use the top half of
   the address range (Base Address = 0x10000000; High Address = 0x1FFFFFFF). For
   all other master, any subset of the DDR address can be used. See Xilinx
   Answer 47167 for more information. 
Address Map for Processor processing_system7_0
  (0x41200000-0x4120ffff) SWs_8Bits	axi4lite_0
  (0x41220000-0x4122ffff) LEDs_8Bits	axi4lite_0
  (0x41240000-0x4124ffff) BTNs_5Bits	axi4lite_0

Checking platform address map ...
=====================
Opened log file
=====================
=====================
Opened log file
=====================
Xilinx Platform Studio (XPS)
Xilinx EDK 14.5 Build EDK_P.58f

Xilinx EDK 14.5 Build EDK_P.58f

WARNING:EDK - IPNAME: axi_interconnect, INSTANCE: axi4lite_0 - Pre-Production
   version not verified on hardware for architecture 'zynq' -
   /mnt/hgfs/Drive_E/Xilinx_projects/Chapter_5p4/Chapter_5p4.srcs/sources_1/edk/
   system/system.mhs line 40 
WARNING:EDK - IPNAME: axi_gpio, INSTANCE: SWs_8Bits - Pre-Production version not
   verified on hardware for architecture 'zynq' -
   /mnt/hgfs/Drive_E/Xilinx_projects/Chapter_5p4/Chapter_5p4.srcs/sources_1/edk/
   system/system.mhs line 48 
WARNING:EDK - IPNAME: axi_gpio, INSTANCE: LEDs_8Bits - Pre-Production version
   not verified on hardware for architecture 'zynq' -
   /mnt/hgfs/Drive_E/Xilinx_projects/Chapter_5p4/Chapter_5p4.srcs/sources_1/edk/
   system/system.mhs line 62 
WARNING:EDK - IPNAME: axi_gpio, INSTANCE: BTNs_5Bits - Pre-Production version
   not verified on hardware for architecture 'zynq' -
   /mnt/hgfs/Drive_E/Xilinx_projects/Chapter_5p4/Chapter_5p4.srcs/sources_1/edk/
   system/system.mhs line 76 
WARNING:EDK - IPNAME: processing_system7, INSTANCE: processing_system7_0 -
   Pre-Production version not verified on hardware for architecture 'zynq' -
   /mnt/hgfs/Drive_E/Xilinx_projects/Chapter_5p4/Chapter_5p4.srcs/sources_1/edk/
   system/system.mhs line 90 
WARNING:EDK - IPNAME: axi_interconnect, INSTANCE: axi4lite_0 - Pre-Production
   version not verified on hardware for architecture 'zynq' -
   /mnt/hgfs/Drive_E/Xilinx_projects/Chapter_5p4/Chapter_5p4.srcs/sources_1/edk/
   system/system.mhs line 40 
WARNING:EDK - IPNAME: axi_gpio, INSTANCE: SWs_8Bits - Pre-Production version not
   verified on hardware for architecture 'zynq' -
   /mnt/hgfs/Drive_E/Xilinx_projects/Chapter_5p4/Chapter_5p4.srcs/sources_1/edk/
   system/system.mhs line 48 
WARNING:EDK - IPNAME: axi_gpio, INSTANCE: LEDs_8Bits - Pre-Production version
   not verified on hardware for architecture 'zynq' -
   /mnt/hgfs/Drive_E/Xilinx_projects/Chapter_5p4/Chapter_5p4.srcs/sources_1/edk/
   system/system.mhs line 62 
WARNING:EDK - IPNAME: axi_gpio, INSTANCE: BTNs_5Bits - Pre-Production version
   not verified on hardware for architecture 'zynq' -
   /mnt/hgfs/Drive_E/Xilinx_projects/Chapter_5p4/Chapter_5p4.srcs/sources_1/edk/
   system/system.mhs line 76 
WARNING:EDK - IPNAME: processing_system7, INSTANCE: processing_system7_0 -
   Pre-Production version not verified on hardware for architecture 'zynq' -
   /mnt/hgfs/Drive_E/Xilinx_projects/Chapter_5p4/Chapter_5p4.srcs/sources_1/edk/
   system/system.mhs line 90 

Overriding IP level properties ...
INFO:EDK - IPNAME: axi_interconnect, INSTANCE:axi4lite_0 - tcl is overriding
   PARAMETER C_BASEFAMILY value to zynq -
   /opt/Xilinx/14.5/ISE_DS/EDK/hw/XilinxProcessorIPLib/pcores/axi_interconnect_v
   1_06_a/data/axi_interconnect_v2_1_0.mpd line 81 
INFO:EDK - IPNAME: processing_system7, INSTANCE:processing_system7_0 - tcl is
   overriding PARAMETER C_S_AXI_HP0_HIGHADDR value to 0x1FFFFFFF -
   /opt/Xilinx/14.5/ISE_DS/EDK/hw/XilinxProcessorIPLib/pcores/processing_system7
   _v4_03_a/data/processing_system7_v2_1_0.mpd line 300 
INFO:EDK - IPNAME: processing_system7, INSTANCE:processing_system7_0 - tcl is
   overriding PARAMETER C_S_AXI_HP1_HIGHADDR value to 0x1FFFFFFF -
   /opt/Xilinx/14.5/ISE_DS/EDK/hw/XilinxProcessorIPLib/pcores/processing_system7
   _v4_03_a/data/processing_system7_v2_1_0.mpd line 304 
INFO:EDK - IPNAME: processing_system7, INSTANCE:processing_system7_0 - tcl is
   overriding PARAMETER C_S_AXI_HP2_HIGHADDR value to 0x1FFFFFFF -
   /opt/Xilinx/14.5/ISE_DS/EDK/hw/XilinxProcessorIPLib/pcores/processing_system7
   _v4_03_a/data/processing_system7_v2_1_0.mpd line 308 
INFO:EDK - IPNAME: processing_system7, INSTANCE:processing_system7_0 - tcl is
   overriding PARAMETER C_S_AXI_HP3_HIGHADDR value to 0x1FFFFFFF -
   /opt/Xilinx/14.5/ISE_DS/EDK/hw/XilinxProcessorIPLib/pcores/processing_system7
   _v4_03_a/data/processing_system7_v2_1_0.mpd line 312 
INFO:EDK - IPNAME: processing_system7, INSTANCE:processing_system7_0 - tcl is
   overriding PARAMETER C_NUM_F2P_INTR_INPUTS value to 1 -
   /opt/Xilinx/14.5/ISE_DS/EDK/hw/XilinxProcessorIPLib/pcores/processing_system7
   _v4_03_a/data/processing_system7_v2_1_0.mpd line 319 

Computing clock values...
INFO:EDK - Frequency for Top-Level Input Clock 'processing_system7_0_PS_CLK' is
   not specified. Clock DRCs will not be performed for IPs connected to that
   clock port, unless they are connected through the clock generator IP. 


Performing IP level DRCs on properties...

Running DRC Tcl procedures for OPTION IPLEVEL_DRC_PROC...
INFO:EDK - INFO: DDR Base and High address in current configuration is
   0x00000000 and 0x1FFFFFFF respectively. 
INFO:EDK - INFO: You can modify the DDR address range accessed by Programmable
   Logic through the processing_system7 AXI slave interfaces. If MicroBlaze is a
   master on processing_system7 AXI slave interfaces, please use the top half of
   the address range (Base Address = 0x10000000; High Address = 0x1FFFFFFF). For
   all other master, any subset of the DDR address can be used. See Xilinx
   Answer 47167 for more information. 
Address Map for Processor processing_system7_0
  (0x41200000-0x4120ffff) SWs_8Bits	axi4lite_0
  (0x41220000-0x4122ffff) LEDs_8Bits	axi4lite_0
  (0x41240000-0x4124ffff) BTNs_5Bits	axi4lite_0

Checking platform address map ...

Overriding IP level properties ...
INFO:EDK - IPNAME: axi_interconnect, INSTANCE:axi4lite_0 - tcl is overriding
   PARAMETER C_BASEFAMILY value to zynq -
   /opt/Xilinx/14.5/ISE_DS/EDK/hw/XilinxProcessorIPLib/pcores/axi_interconnect_v
   1_06_a/data/axi_interconnect_v2_1_0.mpd line 81 
INFO:EDK - IPNAME: processing_system7, INSTANCE:processing_system7_0 - tcl is
   overriding PARAMETER C_S_AXI_HP0_HIGHADDR value to 0x1FFFFFFF -
   /opt/Xilinx/14.5/ISE_DS/EDK/hw/XilinxProcessorIPLib/pcores/processing_system7
   _v4_03_a/data/processing_system7_v2_1_0.mpd line 300 
INFO:EDK - IPNAME: processing_system7, INSTANCE:processing_system7_0 - tcl is
   overriding PARAMETER C_S_AXI_HP1_HIGHADDR value to 0x1FFFFFFF -
   /opt/Xilinx/14.5/ISE_DS/EDK/hw/XilinxProcessorIPLib/pcores/processing_system7
   _v4_03_a/data/processing_system7_v2_1_0.mpd line 304 
INFO:EDK - IPNAME: processing_system7, INSTANCE:processing_system7_0 - tcl is
   overriding PARAMETER C_S_AXI_HP2_HIGHADDR value to 0x1FFFFFFF -
   /opt/Xilinx/14.5/ISE_DS/EDK/hw/XilinxProcessorIPLib/pcores/processing_system7
   _v4_03_a/data/processing_system7_v2_1_0.mpd line 308 
INFO:EDK - IPNAME: processing_system7, INSTANCE:processing_system7_0 - tcl is
   overriding PARAMETER C_S_AXI_HP3_HIGHADDR value to 0x1FFFFFFF -
   /opt/Xilinx/14.5/ISE_DS/EDK/hw/XilinxProcessorIPLib/pcores/processing_system7
   _v4_03_a/data/processing_system7_v2_1_0.mpd line 312 
INFO:EDK - IPNAME: processing_system7, INSTANCE:processing_system7_0 - tcl is
   overriding PARAMETER C_NUM_F2P_INTR_INPUTS value to 1 -
   /opt/Xilinx/14.5/ISE_DS/EDK/hw/XilinxProcessorIPLib/pcores/processing_system7
   _v4_03_a/data/processing_system7_v2_1_0.mpd line 319 

Computing clock values...
INFO:EDK - Frequency for Top-Level Input Clock 'processing_system7_0_PS_CLK' is
   not specified. Clock DRCs will not be performed for IPs connected to that
   clock port, unless they are connected through the clock generator IP. 


Performing IP level DRCs on properties...

Running DRC Tcl procedures for OPTION IPLEVEL_DRC_PROC...
INFO:EDK - INFO: DDR Base and High address in current configuration is
   0x00000000 and 0x1FFFFFFF respectively. 
INFO:EDK - INFO: You can modify the DDR address range accessed by Programmable
   Logic through the processing_system7 AXI slave interfaces. If MicroBlaze is a
   master on processing_system7 AXI slave interfaces, please use the top half of
   the address range (Base Address = 0x10000000; High Address = 0x1FFFFFFF). For
   all other master, any subset of the DDR address can be used. See Xilinx
   Answer 47167 for more information. 
Address Map for Processor processing_system7_0
  (0x41200000-0x4120ffff) SWs_8Bits	axi4lite_0
  (0x41220000-0x4122ffff) LEDs_8Bits	axi4lite_0
  (0x41240000-0x4124ffff) BTNs_5Bits	axi4lite_0

Checking platform address map ...
=====================
Opened log file
=====================
=====================
Opened log file
=====================
Xilinx Platform Studio (XPS)
Xilinx EDK 14.5 Build EDK_P.58f

Xilinx EDK 14.5 Build EDK_P.58f

WARNING:EDK - IPNAME: axi_interconnect, INSTANCE: axi4lite_0 - Pre-Production
   version not verified on hardware for architecture 'zynq' -
   /mnt/hgfs/Drive_E/Xilinx_projects/Chapter_5p4/Chapter_5p4.srcs/sources_1/edk/
   system/system.mhs line 40 
WARNING:EDK - IPNAME: axi_gpio, INSTANCE: SWs_8Bits - Pre-Production version not
   verified on hardware for architecture 'zynq' -
   /mnt/hgfs/Drive_E/Xilinx_projects/Chapter_5p4/Chapter_5p4.srcs/sources_1/edk/
   system/system.mhs line 48 
WARNING:EDK - IPNAME: axi_gpio, INSTANCE: LEDs_8Bits - Pre-Production version
   not verified on hardware for architecture 'zynq' -
   /mnt/hgfs/Drive_E/Xilinx_projects/Chapter_5p4/Chapter_5p4.srcs/sources_1/edk/
   system/system.mhs line 62 
WARNING:EDK - IPNAME: axi_gpio, INSTANCE: BTNs_5Bits - Pre-Production version
   not verified on hardware for architecture 'zynq' -
   /mnt/hgfs/Drive_E/Xilinx_projects/Chapter_5p4/Chapter_5p4.srcs/sources_1/edk/
   system/system.mhs line 76 
WARNING:EDK - IPNAME: processing_system7, INSTANCE: processing_system7_0 -
   Pre-Production version not verified on hardware for architecture 'zynq' -
   /mnt/hgfs/Drive_E/Xilinx_projects/Chapter_5p4/Chapter_5p4.srcs/sources_1/edk/
   system/system.mhs line 90 
WARNING:EDK - IPNAME: axi_interconnect, INSTANCE: axi4lite_0 - Pre-Production
   version not verified on hardware for architecture 'zynq' -
   /mnt/hgfs/Drive_E/Xilinx_projects/Chapter_5p4/Chapter_5p4.srcs/sources_1/edk/
   system/system.mhs line 40 
WARNING:EDK - IPNAME: axi_gpio, INSTANCE: SWs_8Bits - Pre-Production version not
   verified on hardware for architecture 'zynq' -
   /mnt/hgfs/Drive_E/Xilinx_projects/Chapter_5p4/Chapter_5p4.srcs/sources_1/edk/
   system/system.mhs line 48 
WARNING:EDK - IPNAME: axi_gpio, INSTANCE: LEDs_8Bits - Pre-Production version
   not verified on hardware for architecture 'zynq' -
   /mnt/hgfs/Drive_E/Xilinx_projects/Chapter_5p4/Chapter_5p4.srcs/sources_1/edk/
   system/system.mhs line 62 
WARNING:EDK - IPNAME: axi_gpio, INSTANCE: BTNs_5Bits - Pre-Production version
   not verified on hardware for architecture 'zynq' -
   /mnt/hgfs/Drive_E/Xilinx_projects/Chapter_5p4/Chapter_5p4.srcs/sources_1/edk/
   system/system.mhs line 76 
WARNING:EDK - IPNAME: processing_system7, INSTANCE: processing_system7_0 -
   Pre-Production version not verified on hardware for architecture 'zynq' -
   /mnt/hgfs/Drive_E/Xilinx_projects/Chapter_5p4/Chapter_5p4.srcs/sources_1/edk/
   system/system.mhs line 90 

Overriding IP level properties ...
INFO:EDK - IPNAME: axi_interconnect, INSTANCE:axi4lite_0 - tcl is overriding
   PARAMETER C_BASEFAMILY value to zynq -
   /opt/Xilinx/14.5/ISE_DS/EDK/hw/XilinxProcessorIPLib/pcores/axi_interconnect_v
   1_06_a/data/axi_interconnect_v2_1_0.mpd line 81 
INFO:EDK - IPNAME: processing_system7, INSTANCE:processing_system7_0 - tcl is
   overriding PARAMETER C_S_AXI_HP0_HIGHADDR value to 0x1FFFFFFF -
   /opt/Xilinx/14.5/ISE_DS/EDK/hw/XilinxProcessorIPLib/pcores/processing_system7
   _v4_03_a/data/processing_system7_v2_1_0.mpd line 300 
INFO:EDK - IPNAME: processing_system7, INSTANCE:processing_system7_0 - tcl is
   overriding PARAMETER C_S_AXI_HP1_HIGHADDR value to 0x1FFFFFFF -
   /opt/Xilinx/14.5/ISE_DS/EDK/hw/XilinxProcessorIPLib/pcores/processing_system7
   _v4_03_a/data/processing_system7_v2_1_0.mpd line 304 
INFO:EDK - IPNAME: processing_system7, INSTANCE:processing_system7_0 - tcl is
   overriding PARAMETER C_S_AXI_HP2_HIGHADDR value to 0x1FFFFFFF -
   /opt/Xilinx/14.5/ISE_DS/EDK/hw/XilinxProcessorIPLib/pcores/processing_system7
   _v4_03_a/data/processing_system7_v2_1_0.mpd line 308 
INFO:EDK - IPNAME: processing_system7, INSTANCE:processing_system7_0 - tcl is
   overriding PARAMETER C_S_AXI_HP3_HIGHADDR value to 0x1FFFFFFF -
   /opt/Xilinx/14.5/ISE_DS/EDK/hw/XilinxProcessorIPLib/pcores/processing_system7
   _v4_03_a/data/processing_system7_v2_1_0.mpd line 312 
INFO:EDK - IPNAME: processing_system7, INSTANCE:processing_system7_0 - tcl is
   overriding PARAMETER C_NUM_F2P_INTR_INPUTS value to 1 -
   /opt/Xilinx/14.5/ISE_DS/EDK/hw/XilinxProcessorIPLib/pcores/processing_system7
   _v4_03_a/data/processing_system7_v2_1_0.mpd line 319 

Computing clock values...
INFO:EDK - Frequency for Top-Level Input Clock 'processing_system7_0_PS_CLK' is
   not specified. Clock DRCs will not be performed for IPs connected to that
   clock port, unless they are connected through the clock generator IP. 


Performing IP level DRCs on properties...

Running DRC Tcl procedures for OPTION IPLEVEL_DRC_PROC...
INFO:EDK - INFO: DDR Base and High address in current configuration is
   0x00000000 and 0x1FFFFFFF respectively. 
INFO:EDK - INFO: You can modify the DDR address range accessed by Programmable
   Logic through the processing_system7 AXI slave interfaces. If MicroBlaze is a
   master on processing_system7 AXI slave interfaces, please use the top half of
   the address range (Base Address = 0x10000000; High Address = 0x1FFFFFFF). For
   all other master, any subset of the DDR address can be used. See Xilinx
   Answer 47167 for more information. 
Address Map for Processor processing_system7_0
  (0x41200000-0x4120ffff) SWs_8Bits	axi4lite_0
  (0x41220000-0x4122ffff) LEDs_8Bits	axi4lite_0
  (0x41240000-0x4124ffff) BTNs_5Bits	axi4lite_0

Checking platform address map ...

Overriding IP level properties ...
INFO:EDK - IPNAME: axi_interconnect, INSTANCE:axi4lite_0 - tcl is overriding
   PARAMETER C_BASEFAMILY value to zynq -
   /opt/Xilinx/14.5/ISE_DS/EDK/hw/XilinxProcessorIPLib/pcores/axi_interconnect_v
   1_06_a/data/axi_interconnect_v2_1_0.mpd line 81 
INFO:EDK - IPNAME: processing_system7, INSTANCE:processing_system7_0 - tcl is
   overriding PARAMETER C_S_AXI_HP0_HIGHADDR value to 0x1FFFFFFF -
   /opt/Xilinx/14.5/ISE_DS/EDK/hw/XilinxProcessorIPLib/pcores/processing_system7
   _v4_03_a/data/processing_system7_v2_1_0.mpd line 300 
INFO:EDK - IPNAME: processing_system7, INSTANCE:processing_system7_0 - tcl is
   overriding PARAMETER C_S_AXI_HP1_HIGHADDR value to 0x1FFFFFFF -
   /opt/Xilinx/14.5/ISE_DS/EDK/hw/XilinxProcessorIPLib/pcores/processing_system7
   _v4_03_a/data/processing_system7_v2_1_0.mpd line 304 
INFO:EDK - IPNAME: processing_system7, INSTANCE:processing_system7_0 - tcl is
   overriding PARAMETER C_S_AXI_HP2_HIGHADDR value to 0x1FFFFFFF -
   /opt/Xilinx/14.5/ISE_DS/EDK/hw/XilinxProcessorIPLib/pcores/processing_system7
   _v4_03_a/data/processing_system7_v2_1_0.mpd line 308 
INFO:EDK - IPNAME: processing_system7, INSTANCE:processing_system7_0 - tcl is
   overriding PARAMETER C_S_AXI_HP3_HIGHADDR value to 0x1FFFFFFF -
   /opt/Xilinx/14.5/ISE_DS/EDK/hw/XilinxProcessorIPLib/pcores/processing_system7
   _v4_03_a/data/processing_system7_v2_1_0.mpd line 312 
INFO:EDK - IPNAME: processing_system7, INSTANCE:processing_system7_0 - tcl is
   overriding PARAMETER C_NUM_F2P_INTR_INPUTS value to 1 -
   /opt/Xilinx/14.5/ISE_DS/EDK/hw/XilinxProcessorIPLib/pcores/processing_system7
   _v4_03_a/data/processing_system7_v2_1_0.mpd line 319 

Computing clock values...
INFO:EDK - Frequency for Top-Level Input Clock 'processing_system7_0_PS_CLK' is
   not specified. Clock DRCs will not be performed for IPs connected to that
   clock port, unless they are connected through the clock generator IP. 


Performing IP level DRCs on properties...

Running DRC Tcl procedures for OPTION IPLEVEL_DRC_PROC...
INFO:EDK - INFO: DDR Base and High address in current configuration is
   0x00000000 and 0x1FFFFFFF respectively. 
INFO:EDK - INFO: You can modify the DDR address range accessed by Programmable
   Logic through the processing_system7 AXI slave interfaces. If MicroBlaze is a
   master on processing_system7 AXI slave interfaces, please use the top half of
   the address range (Base Address = 0x10000000; High Address = 0x1FFFFFFF). For
   all other master, any subset of the DDR address can be used. See Xilinx
   Answer 47167 for more information. 
Address Map for Processor processing_system7_0
  (0x41200000-0x4120ffff) SWs_8Bits	axi4lite_0
  (0x41220000-0x4122ffff) LEDs_8Bits	axi4lite_0
  (0x41240000-0x4124ffff) BTNs_5Bits	axi4lite_0

Checking platform address map ...
=====================
Opened log file
=====================
=====================
Opened log file
=====================
Xilinx Platform Studio (XPS)
Xilinx EDK 14.5 Build EDK_P.58f

Xilinx EDK 14.5 Build EDK_P.58f

WARNING:EDK - IPNAME: axi_interconnect, INSTANCE: axi4lite_0 - Pre-Production
   version not verified on hardware for architecture 'zynq' -
   /mnt/hgfs/Drive_E/Xilinx_projects/Chapter_5p4/Chapter_5p4.srcs/sources_1/edk/
   system/system.mhs line 40 
WARNING:EDK - IPNAME: axi_gpio, INSTANCE: SWs_8Bits - Pre-Production version not
   verified on hardware for architecture 'zynq' -
   /mnt/hgfs/Drive_E/Xilinx_projects/Chapter_5p4/Chapter_5p4.srcs/sources_1/edk/
   system/system.mhs line 48 
WARNING:EDK - IPNAME: axi_gpio, INSTANCE: LEDs_8Bits - Pre-Production version
   not verified on hardware for architecture 'zynq' -
   /mnt/hgfs/Drive_E/Xilinx_projects/Chapter_5p4/Chapter_5p4.srcs/sources_1/edk/
   system/system.mhs line 62 
WARNING:EDK - IPNAME: axi_gpio, INSTANCE: BTNs_5Bits - Pre-Production version
   not verified on hardware for architecture 'zynq' -
   /mnt/hgfs/Drive_E/Xilinx_projects/Chapter_5p4/Chapter_5p4.srcs/sources_1/edk/
   system/system.mhs line 76 
WARNING:EDK - IPNAME: processing_system7, INSTANCE: processing_system7_0 -
   Pre-Production version not verified on hardware for architecture 'zynq' -
   /mnt/hgfs/Drive_E/Xilinx_projects/Chapter_5p4/Chapter_5p4.srcs/sources_1/edk/
   system/system.mhs line 90 
WARNING:EDK - IPNAME: axi_interconnect, INSTANCE: axi4lite_0 - Pre-Production
   version not verified on hardware for architecture 'zynq' -
   /mnt/hgfs/Drive_E/Xilinx_projects/Chapter_5p4/Chapter_5p4.srcs/sources_1/edk/
   system/system.mhs line 40 
WARNING:EDK - IPNAME: axi_gpio, INSTANCE: SWs_8Bits - Pre-Production version not
   verified on hardware for architecture 'zynq' -
   /mnt/hgfs/Drive_E/Xilinx_projects/Chapter_5p4/Chapter_5p4.srcs/sources_1/edk/
   system/system.mhs line 48 
WARNING:EDK - IPNAME: axi_gpio, INSTANCE: LEDs_8Bits - Pre-Production version
   not verified on hardware for architecture 'zynq' -
   /mnt/hgfs/Drive_E/Xilinx_projects/Chapter_5p4/Chapter_5p4.srcs/sources_1/edk/
   system/system.mhs line 62 
WARNING:EDK - IPNAME: axi_gpio, INSTANCE: BTNs_5Bits - Pre-Production version
   not verified on hardware for architecture 'zynq' -
   /mnt/hgfs/Drive_E/Xilinx_projects/Chapter_5p4/Chapter_5p4.srcs/sources_1/edk/
   system/system.mhs line 76 
WARNING:EDK - IPNAME: processing_system7, INSTANCE: processing_system7_0 -
   Pre-Production version not verified on hardware for architecture 'zynq' -
   /mnt/hgfs/Drive_E/Xilinx_projects/Chapter_5p4/Chapter_5p4.srcs/sources_1/edk/
   system/system.mhs line 90 

Overriding IP level properties ...
INFO:EDK - IPNAME: axi_interconnect, INSTANCE:axi4lite_0 - tcl is overriding
   PARAMETER C_BASEFAMILY value to zynq -
   /opt/Xilinx/14.5/ISE_DS/EDK/hw/XilinxProcessorIPLib/pcores/axi_interconnect_v
   1_06_a/data/axi_interconnect_v2_1_0.mpd line 81 
INFO:EDK - IPNAME: processing_system7, INSTANCE:processing_system7_0 - tcl is
   overriding PARAMETER C_S_AXI_HP0_HIGHADDR value to 0x1FFFFFFF -
   /opt/Xilinx/14.5/ISE_DS/EDK/hw/XilinxProcessorIPLib/pcores/processing_system7
   _v4_03_a/data/processing_system7_v2_1_0.mpd line 300 
INFO:EDK - IPNAME: processing_system7, INSTANCE:processing_system7_0 - tcl is
   overriding PARAMETER C_S_AXI_HP1_HIGHADDR value to 0x1FFFFFFF -
   /opt/Xilinx/14.5/ISE_DS/EDK/hw/XilinxProcessorIPLib/pcores/processing_system7
   _v4_03_a/data/processing_system7_v2_1_0.mpd line 304 
INFO:EDK - IPNAME: processing_system7, INSTANCE:processing_system7_0 - tcl is
   overriding PARAMETER C_S_AXI_HP2_HIGHADDR value to 0x1FFFFFFF -
   /opt/Xilinx/14.5/ISE_DS/EDK/hw/XilinxProcessorIPLib/pcores/processing_system7
   _v4_03_a/data/processing_system7_v2_1_0.mpd line 308 
INFO:EDK - IPNAME: processing_system7, INSTANCE:processing_system7_0 - tcl is
   overriding PARAMETER C_S_AXI_HP3_HIGHADDR value to 0x1FFFFFFF -
   /opt/Xilinx/14.5/ISE_DS/EDK/hw/XilinxProcessorIPLib/pcores/processing_system7
   _v4_03_a/data/processing_system7_v2_1_0.mpd line 312 
INFO:EDK - IPNAME: processing_system7, INSTANCE:processing_system7_0 - tcl is
   overriding PARAMETER C_NUM_F2P_INTR_INPUTS value to 1 -
   /opt/Xilinx/14.5/ISE_DS/EDK/hw/XilinxProcessorIPLib/pcores/processing_system7
   _v4_03_a/data/processing_system7_v2_1_0.mpd line 319 

Computing clock values...
INFO:EDK - Frequency for Top-Level Input Clock 'processing_system7_0_PS_CLK' is
   not specified. Clock DRCs will not be performed for IPs connected to that
   clock port, unless they are connected through the clock generator IP. 


Performing IP level DRCs on properties...

Running DRC Tcl procedures for OPTION IPLEVEL_DRC_PROC...
INFO:EDK - INFO: DDR Base and High address in current configuration is
   0x00000000 and 0x1FFFFFFF respectively. 
INFO:EDK - INFO: You can modify the DDR address range accessed by Programmable
   Logic through the processing_system7 AXI slave interfaces. If MicroBlaze is a
   master on processing_system7 AXI slave interfaces, please use the top half of
   the address range (Base Address = 0x10000000; High Address = 0x1FFFFFFF). For
   all other master, any subset of the DDR address can be used. See Xilinx
   Answer 47167 for more information. 
Address Map for Processor processing_system7_0
  (0x41200000-0x4120ffff) SWs_8Bits	axi4lite_0
  (0x41220000-0x4122ffff) LEDs_8Bits	axi4lite_0
  (0x41240000-0x4124ffff) BTNs_5Bits	axi4lite_0

Checking platform address map ...

Overriding IP level properties ...
INFO:EDK - IPNAME: axi_interconnect, INSTANCE:axi4lite_0 - tcl is overriding
   PARAMETER C_BASEFAMILY value to zynq -
   /opt/Xilinx/14.5/ISE_DS/EDK/hw/XilinxProcessorIPLib/pcores/axi_interconnect_v
   1_06_a/data/axi_interconnect_v2_1_0.mpd line 81 
INFO:EDK - IPNAME: processing_system7, INSTANCE:processing_system7_0 - tcl is
   overriding PARAMETER C_S_AXI_HP0_HIGHADDR value to 0x1FFFFFFF -
   /opt/Xilinx/14.5/ISE_DS/EDK/hw/XilinxProcessorIPLib/pcores/processing_system7
   _v4_03_a/data/processing_system7_v2_1_0.mpd line 300 
INFO:EDK - IPNAME: processing_system7, INSTANCE:processing_system7_0 - tcl is
   overriding PARAMETER C_S_AXI_HP1_HIGHADDR value to 0x1FFFFFFF -
   /opt/Xilinx/14.5/ISE_DS/EDK/hw/XilinxProcessorIPLib/pcores/processing_system7
   _v4_03_a/data/processing_system7_v2_1_0.mpd line 304 
INFO:EDK - IPNAME: processing_system7, INSTANCE:processing_system7_0 - tcl is
   overriding PARAMETER C_S_AXI_HP2_HIGHADDR value to 0x1FFFFFFF -
   /opt/Xilinx/14.5/ISE_DS/EDK/hw/XilinxProcessorIPLib/pcores/processing_system7
   _v4_03_a/data/processing_system7_v2_1_0.mpd line 308 
INFO:EDK - IPNAME: processing_system7, INSTANCE:processing_system7_0 - tcl is
   overriding PARAMETER C_S_AXI_HP3_HIGHADDR value to 0x1FFFFFFF -
   /opt/Xilinx/14.5/ISE_DS/EDK/hw/XilinxProcessorIPLib/pcores/processing_system7
   _v4_03_a/data/processing_system7_v2_1_0.mpd line 312 
INFO:EDK - IPNAME: processing_system7, INSTANCE:processing_system7_0 - tcl is
   overriding PARAMETER C_NUM_F2P_INTR_INPUTS value to 1 -
   /opt/Xilinx/14.5/ISE_DS/EDK/hw/XilinxProcessorIPLib/pcores/processing_system7
   _v4_03_a/data/processing_system7_v2_1_0.mpd line 319 

Computing clock values...
INFO:EDK - Frequency for Top-Level Input Clock 'processing_system7_0_PS_CLK' is
   not specified. Clock DRCs will not be performed for IPs connected to that
   clock port, unless they are connected through the clock generator IP. 


Performing IP level DRCs on properties...

Running DRC Tcl procedures for OPTION IPLEVEL_DRC_PROC...
INFO:EDK - INFO: DDR Base and High address in current configuration is
   0x00000000 and 0x1FFFFFFF respectively. 
INFO:EDK - INFO: You can modify the DDR address range accessed by Programmable
   Logic through the processing_system7 AXI slave interfaces. If MicroBlaze is a
   master on processing_system7 AXI slave interfaces, please use the top half of
   the address range (Base Address = 0x10000000; High Address = 0x1FFFFFFF). For
   all other master, any subset of the DDR address can be used. See Xilinx
   Answer 47167 for more information. 
Address Map for Processor processing_system7_0
  (0x41200000-0x4120ffff) SWs_8Bits	axi4lite_0
  (0x41220000-0x4122ffff) LEDs_8Bits	axi4lite_0
  (0x41240000-0x4124ffff) BTNs_5Bits	axi4lite_0

Checking platform address map ...
