Release 14.5 - platgen Xilinx EDK 14.5 Build EDK_P.58f
 (lin64)
Copyright (c) 1995-2012 Xilinx, Inc.  All rights reserved.

Command Line: platgen -p xc7z020clg484-1 -lang verilog -intstyle pa -stubgen
/mnt/hgfs/Drive_E/Xilinx_projects/Custom_IP_example_verilog/Custom_IP_example_ve
rilog.srcs/sources_1/edk/system/system.mhs 

Parse
/mnt/hgfs/Drive_E/Xilinx_projects/Custom_IP_example_verilog/Custom_IP_example_ve
rilog.srcs/sources_1/edk/system/system.mhs ...

Create merged mhs ...
WARNING:EDK:4092 - IPNAME: axi_interconnect, INSTANCE: axi4lite_0 -
   Pre-Production version not verified on hardware for architecture 'zynq' -
   /mnt/hgfs/Drive_E/Xilinx_projects/Custom_IP_example_verilog/Custom_IP_example
   _verilog.srcs/sources_1/edk/system/system.mhs line 40 
WARNING:EDK:4092 - IPNAME: axi_gpio, INSTANCE: SWs_8Bits - Pre-Production
   version not verified on hardware for architecture 'zynq' -
   /mnt/hgfs/Drive_E/Xilinx_projects/Custom_IP_example_verilog/Custom_IP_example
   _verilog.srcs/sources_1/edk/system/system.mhs line 48 
WARNING:EDK:4092 - IPNAME: axi_gpio, INSTANCE: BTNs_5Bits - Pre-Production
   version not verified on hardware for architecture 'zynq' -
   /mnt/hgfs/Drive_E/Xilinx_projects/Custom_IP_example_verilog/Custom_IP_example
   _verilog.srcs/sources_1/edk/system/system.mhs line 62 
WARNING:EDK:4092 - IPNAME: processing_system7, INSTANCE: processing_system7_0 -
   Pre-Production version not verified on hardware for architecture 'zynq' -
   /mnt/hgfs/Drive_E/Xilinx_projects/Custom_IP_example_verilog/Custom_IP_example
   _verilog.srcs/sources_1/edk/system/system.mhs line 76 

Overriding IP level properties ...
INFO:EDK:4130 - IPNAME: axi_interconnect, INSTANCE:axi4lite_0 - tcl is
   overriding PARAMETER C_BASEFAMILY value to zynq -
   /opt/Xilinx/14.5/ISE_DS/EDK/hw/XilinxProcessorIPLib/pcores/axi_interconnect_v
   1_06_a/data/axi_interconnect_v2_1_0.mpd line 81 
INFO:EDK:4130 - IPNAME: processing_system7, INSTANCE:processing_system7_0 - tcl
   is overriding PARAMETER C_S_AXI_HP0_HIGHADDR value to 0x1FFFFFFF -
   /opt/Xilinx/14.5/ISE_DS/EDK/hw/XilinxProcessorIPLib/pcores/processing_system7
   _v4_03_a/data/processing_system7_v2_1_0.mpd line 300 
INFO:EDK:4130 - IPNAME: processing_system7, INSTANCE:processing_system7_0 - tcl
   is overriding PARAMETER C_S_AXI_HP1_HIGHADDR value to 0x1FFFFFFF -
   /opt/Xilinx/14.5/ISE_DS/EDK/hw/XilinxProcessorIPLib/pcores/processing_system7
   _v4_03_a/data/processing_system7_v2_1_0.mpd line 304 
INFO:EDK:4130 - IPNAME: processing_system7, INSTANCE:processing_system7_0 - tcl
   is overriding PARAMETER C_S_AXI_HP2_HIGHADDR value to 0x1FFFFFFF -
   /opt/Xilinx/14.5/ISE_DS/EDK/hw/XilinxProcessorIPLib/pcores/processing_system7
   _v4_03_a/data/processing_system7_v2_1_0.mpd line 308 
INFO:EDK:4130 - IPNAME: processing_system7, INSTANCE:processing_system7_0 - tcl
   is overriding PARAMETER C_S_AXI_HP3_HIGHADDR value to 0x1FFFFFFF -
   /opt/Xilinx/14.5/ISE_DS/EDK/hw/XilinxProcessorIPLib/pcores/processing_system7
   _v4_03_a/data/processing_system7_v2_1_0.mpd line 312 
INFO:EDK:4130 - IPNAME: processing_system7, INSTANCE:processing_system7_0 - tcl
   is overriding PARAMETER C_NUM_F2P_INTR_INPUTS value to 1 -
   /opt/Xilinx/14.5/ISE_DS/EDK/hw/XilinxProcessorIPLib/pcores/processing_system7
   _v4_03_a/data/processing_system7_v2_1_0.mpd line 319 

Computing clock values...
INFO:EDK:1432 - Frequency for Top-Level Input Clock
   'processing_system7_0_PS_CLK' is not specified. Clock DRCs will not be
   performed for IPs connected to that clock port, unless they are connected
   through the clock generator IP. 


Performing IP level DRCs on properties...

Running DRC Tcl procedures for OPTION IPLEVEL_DRC_PROC...
INFO:EDK - INFO: DDR Base and High address in current configuration is
   0x00000000 and 0x1FFFFFFF respectively. 
INFO:EDK - INFO: You can modify the DDR address range accessed by Programmable
   Logic through the processing_system7 AXI slave interfaces. If MicroBlaze is a
   master on processing_system7 AXI slave interfaces, please use the top half of
   the address range (Base Address = 0x10000000; High Address = 0x1FFFFFFF). For
   all other master, any subset of the DDR address can be used. See Xilinx
   Answer 47167 for more information. 
Address Map for Processor processing_system7_0
  (0x41200000-0x4120ffff) SWs_8Bits	axi4lite_0
  (0x41240000-0x4124ffff) BTNs_5Bits	axi4lite_0
  (0x78e00000-0x78e0ffff) blink_0	axi4lite_0

Checking platform address map ...

Modify defaults ...

Creating stub ...

Elaborating instances ...

Inserting wrapper level ...

Writing (stub) BMM ...

Writing top-level HDL ...

Total run time: 3.00 seconds
