
*** Running xst
    with args -ifn system_stub.xst -ofn system_stub.srp -intstyle ise

Reading design: system_stub.prj

=========================================================================
*                          HDL Parsing                                  *
=========================================================================
Analyzing Verilog file "/mnt/hgfs/Drive_E/Xilinx_projects/Chapter_5p4/Chapter_5p4.srcs/sources_1/edk/system/hdl/system.v" into library work
Parsing module <system>.
Parsing module <system_axi4lite_0_wrapper>.
Parsing module <system_sws_8bits_wrapper>.
Parsing module <system_leds_8bits_wrapper>.
Parsing module <system_btns_5bits_wrapper>.
Parsing module <system_processing_system7_0_wrapper>.
Analyzing Verilog file "/mnt/hgfs/Drive_E/Xilinx_projects/Chapter_5p4/Chapter_5p4.srcs/sources_1/edk/system/system_stub.v" into library work
Parsing module <system_stub>.

=========================================================================
*                            HDL Elaboration                            *
=========================================================================

Elaborating module <system_stub>.

Elaborating module <system>.
WARNING:HDLCompiler:1499 - "/mnt/hgfs/Drive_E/Xilinx_projects/Chapter_5p4/Chapter_5p4.srcs/sources_1/edk/system/hdl/system.v" Line 5: Empty module <system> remains a black box.

=========================================================================
*                           HDL Synthesis                               *
=========================================================================

Synthesizing Unit <system_stub>.
    Related source file is "/mnt/hgfs/Drive_E/Xilinx_projects/Chapter_5p4/Chapter_5p4.srcs/sources_1/edk/system/system_stub.v".
    Set property "BOX_TYPE = user_black_box" for instance <system_i>.
    Summary:
	no macro.
Unit <system_stub> synthesized.

=========================================================================
HDL Synthesis Report

Found no macro
=========================================================================

=========================================================================
*                       Advanced HDL Synthesis                          *
=========================================================================

Reading core <../../Chapter_5p4.srcs/sources_1/edk/system/implementation/system.ngc>.
Reading core <../../Chapter_5p4.srcs/sources_1/edk/system/implementation/system_processing_system7_0_wrapper.ngc>.
Reading core <../../Chapter_5p4.srcs/sources_1/edk/system/implementation/system_axi4lite_0_wrapper.ngc>.
Reading core <../../Chapter_5p4.srcs/sources_1/edk/system/implementation/system_sws_8bits_wrapper.ngc>.
Reading core <../../Chapter_5p4.srcs/sources_1/edk/system/implementation/system_leds_8bits_wrapper.ngc>.
Reading core <../../Chapter_5p4.srcs/sources_1/edk/system/implementation/system_btns_5bits_wrapper.ngc>.
Loading core <system_processing_system7_0_wrapper> for timing and area information for instance <processing_system7_0>.
Loading core <system_axi4lite_0_wrapper> for timing and area information for instance <axi4lite_0>.
Loading core <system_sws_8bits_wrapper> for timing and area information for instance <SWs_8Bits>.
Loading core <system_leds_8bits_wrapper> for timing and area information for instance <LEDs_8Bits>.
Loading core <system_btns_5bits_wrapper> for timing and area information for instance <BTNs_5Bits>.
Loading core <system> for timing and area information for instance <system_i>.

=========================================================================
Advanced HDL Synthesis Report

Found no macro
=========================================================================

=========================================================================
*                         Low Level Synthesis                           *
=========================================================================

WARNING:Xst:528 - Multi-source in Unit <processing_system7_0> on signal <PS_SRSTB>; this signal is connected to multiple drivers.
Drivers are: 
   Primary input port <processing_system7_0_PS_SRSTB>
   Output port PS7:PSSRSTB of instance <system_i/processing_system7_0/processing_system7_0/PS7_i>

WARNING:Xst:528 - Multi-source in Unit <processing_system7_0> on signal <PS_CLK>; this signal is connected to multiple drivers.
Drivers are: 
   Primary input port <processing_system7_0_PS_CLK>
   Output port PS7:PSCLK of instance <system_i/processing_system7_0/processing_system7_0/PS7_i>

WARNING:Xst:528 - Multi-source in Unit <processing_system7_0> on signal <PS_PORB>; this signal is connected to multiple drivers.
Drivers are: 
   Primary input port <processing_system7_0_PS_PORB>
   Output port PS7:PSPORB of instance <system_i/processing_system7_0/processing_system7_0/PS7_i>

Optimizing unit <system_stub> ...

Mapping all equations...
Building and optimizing final netlist ...
Found area constraint ratio of 100 (+ 0) on block system_stub, actual ratio is 0.
INFO:Xst:2260 - The FF/Latch <axi4lite_0/crossbar_samd/gen_sasd.crossbar_sasd_0/gen_crossbar.addr_arbiter_inst/grant_rnw> in Unit <axi4lite_0> is equivalent to the following 2 FFs/Latches : <axi4lite_0/crossbar_samd/gen_sasd.crossbar_sasd_0/gen_crossbar.addr_arbiter_inst/grant_rnw_1> <axi4lite_0/crossbar_samd/gen_sasd.crossbar_sasd_0/gen_crossbar.addr_arbiter_inst/grant_rnw_2> 
INFO:Xst:2260 - The FF/Latch <axi4lite_0/crossbar_samd/gen_sasd.crossbar_sasd_0/m_atarget_enc_1> in Unit <axi4lite_0> is equivalent to the following FF/Latch : <axi4lite_0/crossbar_samd/gen_sasd.crossbar_sasd_0/m_atarget_enc_1_1> 
INFO:Xst:2260 - The FF/Latch <axi4lite_0/crossbar_samd/gen_sasd.crossbar_sasd_0/gen_crossbar.addr_arbiter_inst/grant_rnw> in Unit <axi4lite_0> is equivalent to the following 2 FFs/Latches : <axi4lite_0/crossbar_samd/gen_sasd.crossbar_sasd_0/gen_crossbar.addr_arbiter_inst/grant_rnw_1> <axi4lite_0/crossbar_samd/gen_sasd.crossbar_sasd_0/gen_crossbar.addr_arbiter_inst/grant_rnw_2> 
INFO:Xst:2260 - The FF/Latch <axi4lite_0/crossbar_samd/gen_sasd.crossbar_sasd_0/m_atarget_enc_1> in Unit <axi4lite_0> is equivalent to the following FF/Latch : <axi4lite_0/crossbar_samd/gen_sasd.crossbar_sasd_0/m_atarget_enc_1_1> 
INFO:Xst:2260 - The FF/Latch <axi4lite_0/crossbar_samd/gen_sasd.crossbar_sasd_0/gen_crossbar.addr_arbiter_inst/grant_rnw> in Unit <axi4lite_0> is equivalent to the following 2 FFs/Latches : <axi4lite_0/crossbar_samd/gen_sasd.crossbar_sasd_0/gen_crossbar.addr_arbiter_inst/grant_rnw_1> <axi4lite_0/crossbar_samd/gen_sasd.crossbar_sasd_0/gen_crossbar.addr_arbiter_inst/grant_rnw_2> 
INFO:Xst:2260 - The FF/Latch <axi4lite_0/crossbar_samd/gen_sasd.crossbar_sasd_0/m_atarget_enc_1> in Unit <axi4lite_0> is equivalent to the following FF/Latch : <axi4lite_0/crossbar_samd/gen_sasd.crossbar_sasd_0/m_atarget_enc_1_1> 

Final Macro Processing ...

=========================================================================
Final Register Report

Found no macro
=========================================================================

=========================================================================
*                           Partition Report                            *
=========================================================================

Partition Implementation Status
-------------------------------

  No Partitions were found in this design.

-------------------------------

=========================================================================
*                            Design Summary                             *
=========================================================================

Clock Information:
------------------
-------------------------------------------------------------------------+------------------------+-------+
Clock Signal                                                             | Clock buffer(FF name)  | Load  |
-------------------------------------------------------------------------+------------------------+-------+
system_i/processing_system7_0/processing_system7_0/FCLK_CLK_unbuffered<0>| BUFG                   | 336   |
-------------------------------------------------------------------------+------------------------+-------+

Asynchronous Control Signals Information:
----------------------------------------
No asynchronous control signals found in this design

Timing Summary:
---------------
Speed Grade: -1

   Minimum period: 4.326ns (Maximum Frequency: 231.160MHz)
   Minimum input arrival time before clock: 2.192ns
   Maximum output required time after clock: 3.180ns
   Maximum combinational path delay: 0.000ns

=========================================================================
